mode: atomic
github.com/airbusgeo/godal/driver.go:111.78,113.2 1 1
github.com/airbusgeo/godal/driver.go:115.66,117.2 1 4
github.com/airbusgeo/godal/driver.go:119.56,121.2 1 2
github.com/airbusgeo/godal/driver.go:123.57,125.2 1 1
github.com/airbusgeo/godal/driver.go:134.3,136.2 1 1
github.com/airbusgeo/godal/driver.go:137.47,139.2 1 1
github.com/airbusgeo/godal/driver.go:150.3,152.2 1 2
github.com/airbusgeo/godal/driver.go:153.54,155.2 1 1
github.com/airbusgeo/godal/driver.go:156.63,158.2 1 1
github.com/airbusgeo/godal/errors.go:46.48,49.72 3 117
github.com/airbusgeo/godal/errors.go:49.72,51.3 1 1
github.com/airbusgeo/godal/errors.go:52.2,53.26 2 117
github.com/airbusgeo/godal/errors.go:56.50,60.2 3 212
github.com/airbusgeo/godal/errors.go:62.36,66.2 3 117
github.com/airbusgeo/godal/errors.go:159.3,161.2 1 121
github.com/airbusgeo/godal/errors.go:163.73,165.2 1 5
github.com/airbusgeo/godal/errors.go:166.64,168.2 1 1
github.com/airbusgeo/godal/errors.go:169.69,171.2 1 1
github.com/airbusgeo/godal/errors.go:172.53,174.2 1 3
github.com/airbusgeo/godal/errors.go:175.53,177.2 1 1
github.com/airbusgeo/godal/errors.go:178.53,180.2 1 1
github.com/airbusgeo/godal/errors.go:181.63,183.2 1 1
github.com/airbusgeo/godal/errors.go:184.57,186.2 1 1
github.com/airbusgeo/godal/errors.go:187.63,189.2 1 2
github.com/airbusgeo/godal/errors.go:190.51,192.2 1 1
github.com/airbusgeo/godal/errors.go:193.59,195.2 1 1
github.com/airbusgeo/godal/errors.go:196.69,198.2 1 1
github.com/airbusgeo/godal/errors.go:199.63,201.2 1 1
github.com/airbusgeo/godal/errors.go:202.73,204.2 1 6
github.com/airbusgeo/godal/errors.go:205.70,207.2 1 1
github.com/airbusgeo/godal/errors.go:208.62,210.2 1 2
github.com/airbusgeo/godal/errors.go:211.59,213.2 1 3
github.com/airbusgeo/godal/errors.go:214.68,216.2 1 1
github.com/airbusgeo/godal/errors.go:217.80,219.2 1 2
github.com/airbusgeo/godal/errors.go:220.66,222.2 1 3
github.com/airbusgeo/godal/errors.go:223.58,225.2 1 1
github.com/airbusgeo/godal/errors.go:226.67,228.2 1 2
github.com/airbusgeo/godal/errors.go:229.62,231.2 1 1
github.com/airbusgeo/godal/errors.go:232.65,234.2 1 2
github.com/airbusgeo/godal/errors.go:235.57,237.2 1 1
github.com/airbusgeo/godal/errors.go:238.61,240.2 1 1
github.com/airbusgeo/godal/errors.go:241.55,243.2 1 1
github.com/airbusgeo/godal/errors.go:244.75,246.2 1 2
github.com/airbusgeo/godal/errors.go:247.75,249.2 1 1
github.com/airbusgeo/godal/errors.go:250.63,252.2 1 1
github.com/airbusgeo/godal/errors.go:253.63,255.2 1 1
github.com/airbusgeo/godal/errors.go:256.71,258.2 1 2
github.com/airbusgeo/godal/errors.go:259.59,261.2 1 1
github.com/airbusgeo/godal/errors.go:262.59,264.2 1 2
github.com/airbusgeo/godal/errors.go:265.61,267.2 1 3
github.com/airbusgeo/godal/errors.go:268.65,270.2 1 1
github.com/airbusgeo/godal/errors.go:271.57,273.2 1 2
github.com/airbusgeo/godal/errors.go:274.66,276.2 1 1
github.com/airbusgeo/godal/errors.go:277.61,279.2 1 1
github.com/airbusgeo/godal/errors.go:280.63,282.2 1 7
github.com/airbusgeo/godal/errors.go:283.50,285.2 1 1
github.com/airbusgeo/godal/errors.go:286.61,288.2 1 1
github.com/airbusgeo/godal/errors.go:289.75,291.2 1 1
github.com/airbusgeo/godal/errors.go:292.59,294.2 1 2
github.com/airbusgeo/godal/errors.go:295.67,297.2 1 1
github.com/airbusgeo/godal/errors.go:298.71,300.2 1 1
github.com/airbusgeo/godal/errors.go:301.69,303.2 1 1
github.com/airbusgeo/godal/errors.go:304.63,306.2 1 1
github.com/airbusgeo/godal/errors.go:307.67,309.2 1 1
github.com/airbusgeo/godal/errors.go:310.71,312.2 1 1
github.com/airbusgeo/godal/errors.go:313.67,315.2 1 2
github.com/airbusgeo/godal/errors.go:316.61,318.2 1 3
github.com/airbusgeo/godal/errors.go:319.71,321.2 1 2
github.com/airbusgeo/godal/errors.go:322.69,324.2 1 2
github.com/airbusgeo/godal/errors.go:325.65,327.2 1 1
github.com/airbusgeo/godal/errors.go:328.57,330.2 1 1
github.com/airbusgeo/godal/errors.go:331.77,333.2 1 1
github.com/airbusgeo/godal/errors.go:334.64,336.2 1 1
github.com/airbusgeo/godal/errors.go:337.53,339.2 1 1
github.com/airbusgeo/godal/errors.go:340.52,342.2 1 1
github.com/airbusgeo/godal/errors.go:343.67,345.2 1 4
github.com/airbusgeo/godal/errors.go:346.61,348.2 1 1
github.com/airbusgeo/godal/errors.go:349.55,351.2 1 2
github.com/airbusgeo/godal/errors.go:352.59,354.2 1 1
github.com/airbusgeo/godal/errors.go:355.55,357.2 1 1
github.com/airbusgeo/godal/errors.go:359.61,361.2 1 1
github.com/airbusgeo/godal/errors.go:363.66,365.2 1 1
github.com/airbusgeo/godal/errors.go:367.70,369.2 1 1
github.com/airbusgeo/godal/errors.go:370.61,372.2 1 0
github.com/airbusgeo/godal/errors.go:373.49,375.2 1 1
github.com/airbusgeo/godal/errors.go:376.59,378.2 1 3
github.com/airbusgeo/godal/errors.go:379.47,381.2 1 1
github.com/airbusgeo/godal/errors.go:382.55,384.2 1 2
github.com/airbusgeo/godal/errors.go:385.78,387.2 1 2
github.com/airbusgeo/godal/errors.go:388.69,390.2 1 1
github.com/airbusgeo/godal/errors.go:397.38,399.36 2 1
github.com/airbusgeo/godal/errors.go:399.36,402.3 2 1
github.com/airbusgeo/godal/errors.go:403.2,403.19 1 1
github.com/airbusgeo/godal/errors.go:407.51,408.30 1 3
github.com/airbusgeo/godal/errors.go:408.30,409.29 1 5
github.com/airbusgeo/godal/errors.go:409.29,411.4 1 2
github.com/airbusgeo/godal/errors.go:413.2,413.14 1 1
github.com/airbusgeo/godal/errors.go:417.45,418.30 1 12
github.com/airbusgeo/godal/errors.go:418.30,419.29 1 24
github.com/airbusgeo/godal/errors.go:419.29,421.4 1 11
github.com/airbusgeo/godal/errors.go:423.2,423.14 1 1
github.com/airbusgeo/godal/errors.go:426.34,427.9 1 79
github.com/airbusgeo/godal/errors.go:428.17,429.12 1 67
github.com/airbusgeo/godal/errors.go:430.17,431.12 1 1
github.com/airbusgeo/godal/errors.go:433.2,433.37 1 11
github.com/airbusgeo/godal/errors.go:433.37,434.38 1 2
github.com/airbusgeo/godal/errors.go:434.38,436.4 1 1
github.com/airbusgeo/godal/errors.go:436.9,438.4 1 1
github.com/airbusgeo/godal/errors.go:439.3,439.13 1 2
github.com/airbusgeo/godal/errors.go:440.8,440.44 1 9
github.com/airbusgeo/godal/errors.go:440.44,446.3 5 1
github.com/airbusgeo/godal/errors.go:446.8,448.3 1 8
github.com/airbusgeo/godal/errors.go:452.57,453.22 1 2
github.com/airbusgeo/godal/errors.go:453.22,455.4 1 1
github.com/airbusgeo/godal/errors.go:456.3,456.13 1 1
github.com/airbusgeo/godal/godal.go:85.39,87.2 1 2
github.com/airbusgeo/godal/godal.go:90.34,91.15 1 150
github.com/airbusgeo/godal/godal.go:92.12,93.11 1 119
github.com/airbusgeo/godal/godal.go:94.21,95.11 1 2
github.com/airbusgeo/godal/godal.go:96.38,97.11 1 15
github.com/airbusgeo/godal/godal.go:98.33,99.11 1 12
github.com/airbusgeo/godal/godal.go:100.16,101.12 1 1
github.com/airbusgeo/godal/godal.go:102.10,103.28 1 1
github.com/airbusgeo/godal/godal.go:150.46,152.2 1 2
github.com/airbusgeo/godal/godal.go:160.45,162.2 1 253
github.com/airbusgeo/godal/godal.go:165.44,178.2 4 33
github.com/airbusgeo/godal/godal.go:182.53,185.14 3 5
github.com/airbusgeo/godal/godal.go:185.14,187.3 1 4
github.com/airbusgeo/godal/godal.go:188.2,188.17 1 1
github.com/airbusgeo/godal/godal.go:192.71,194.27 2 7
github.com/airbusgeo/godal/godal.go:194.27,196.3 1 1
github.com/airbusgeo/godal/godal.go:197.2,199.20 3 7
github.com/airbusgeo/godal/godal.go:203.61,205.27 2 3
github.com/airbusgeo/godal/godal.go:205.27,207.3 1 1
github.com/airbusgeo/godal/godal.go:208.2,210.20 3 3
github.com/airbusgeo/godal/godal.go:214.92,216.27 2 4
github.com/airbusgeo/godal/godal.go:216.27,218.3 1 2
github.com/airbusgeo/godal/godal.go:219.2,221.20 3 4
github.com/airbusgeo/godal/godal.go:225.71,227.2 1 2
github.com/airbusgeo/godal/godal.go:230.44,233.2 2 4
github.com/airbusgeo/godal/godal.go:236.94,238.27 2 4
github.com/airbusgeo/godal/godal.go:238.27,240.3 1 1
github.com/airbusgeo/godal/godal.go:242.2,244.20 3 4
github.com/airbusgeo/godal/godal.go:251.34,253.2 1 7
github.com/airbusgeo/godal/godal.go:256.34,259.2 2 14
github.com/airbusgeo/godal/godal.go:265.84,267.27 2 4
github.com/airbusgeo/godal/godal.go:267.27,269.3 1 4
github.com/airbusgeo/godal/godal.go:270.2,272.36 3 4
github.com/airbusgeo/godal/godal.go:272.36,274.3 1 2
github.com/airbusgeo/godal/godal.go:275.2,275.57 1 2
github.com/airbusgeo/godal/godal.go:279.73,281.25 2 24
github.com/airbusgeo/godal/godal.go:281.25,283.3 1 1
github.com/airbusgeo/godal/godal.go:284.2,286.20 3 24
github.com/airbusgeo/godal/godal.go:290.112,292.2 1 51
github.com/airbusgeo/godal/godal.go:295.113,297.2 1 19
github.com/airbusgeo/godal/godal.go:300.126,302.27 2 70
github.com/airbusgeo/godal/godal.go:302.27,304.3 1 45
github.com/airbusgeo/godal/godal.go:305.2,305.22 1 70
github.com/airbusgeo/godal/godal.go:305.22,307.3 1 55
github.com/airbusgeo/godal/godal.go:308.2,308.21 1 70
github.com/airbusgeo/godal/godal.go:308.21,310.3 1 55
github.com/airbusgeo/godal/godal.go:311.2,315.25 4 70
github.com/airbusgeo/godal/godal.go:315.25,317.3 1 2
github.com/airbusgeo/godal/godal.go:318.2,318.24 1 70
github.com/airbusgeo/godal/godal.go:318.24,320.3 1 4
github.com/airbusgeo/godal/godal.go:321.2,322.24 2 70
github.com/airbusgeo/godal/godal.go:322.24,324.3 1 2
github.com/airbusgeo/godal/godal.go:325.2,325.23 1 70
github.com/airbusgeo/godal/godal.go:325.23,327.3 1 3
github.com/airbusgeo/godal/godal.go:329.2,333.16 4 70
github.com/airbusgeo/godal/godal.go:333.16,335.3 1 6
github.com/airbusgeo/godal/godal.go:336.2,342.20 3 61
github.com/airbusgeo/godal/godal.go:346.77,353.27 4 7
github.com/airbusgeo/godal/godal.go:353.27,355.3 1 7
github.com/airbusgeo/godal/godal.go:356.2,359.22 4 7
github.com/airbusgeo/godal/godal.go:359.22,361.3 1 6
github.com/airbusgeo/godal/godal.go:363.2,365.20 3 7
github.com/airbusgeo/godal/godal.go:369.61,375.27 2 6
github.com/airbusgeo/godal/godal.go:375.27,377.3 1 4
github.com/airbusgeo/godal/godal.go:380.2,381.22 2 6
github.com/airbusgeo/godal/godal.go:381.22,383.3 1 1
github.com/airbusgeo/godal/godal.go:385.2,387.20 3 6
github.com/airbusgeo/godal/godal.go:391.82,399.27 4 7
github.com/airbusgeo/godal/godal.go:399.27,401.3 1 5
github.com/airbusgeo/godal/godal.go:402.2,403.23 2 7
github.com/airbusgeo/godal/godal.go:403.23,405.3 1 6
github.com/airbusgeo/godal/godal.go:406.2,409.20 3 7
github.com/airbusgeo/godal/godal.go:413.37,415.19 2 19
github.com/airbusgeo/godal/godal.go:415.19,417.3 1 7
github.com/airbusgeo/godal/godal.go:418.2,423.6 5 12
github.com/airbusgeo/godal/godal.go:423.6,424.23 1 32
github.com/airbusgeo/godal/godal.go:424.23,426.4 1 12
github.com/airbusgeo/godal/godal.go:427.3,428.6 2 20
github.com/airbusgeo/godal/godal.go:433.72,435.25 2 6
github.com/airbusgeo/godal/godal.go:435.25,437.3 1 6
github.com/airbusgeo/godal/godal.go:438.2,445.36 5 6
github.com/airbusgeo/godal/godal.go:445.36,447.3 1 2
github.com/airbusgeo/godal/godal.go:448.2,454.43 3 4
github.com/airbusgeo/godal/godal.go:454.43,456.3 1 640
github.com/airbusgeo/godal/godal.go:457.2,457.15 1 4
github.com/airbusgeo/godal/godal.go:467.84,469.25 2 6
github.com/airbusgeo/godal/godal.go:469.25,471.3 1 1
github.com/airbusgeo/godal/godal.go:472.2,476.36 4 6
github.com/airbusgeo/godal/godal.go:476.36,478.3 1 1
github.com/airbusgeo/godal/godal.go:479.2,479.14 1 5
github.com/airbusgeo/godal/godal.go:479.14,481.3 1 2
github.com/airbusgeo/godal/godal.go:482.2,490.21 3 3
github.com/airbusgeo/godal/godal.go:499.82,501.25 2 3
github.com/airbusgeo/godal/godal.go:501.25,503.3 1 2
github.com/airbusgeo/godal/godal.go:504.2,508.36 4 3
github.com/airbusgeo/godal/godal.go:508.36,510.3 1 1
github.com/airbusgeo/godal/godal.go:511.2,519.15 3 2
github.com/airbusgeo/godal/godal.go:527.96,529.27 2 2
github.com/airbusgeo/godal/godal.go:529.27,531.3 1 1
github.com/airbusgeo/godal/godal.go:532.2,535.36 3 2
github.com/airbusgeo/godal/godal.go:535.36,537.3 1 1
github.com/airbusgeo/godal/godal.go:538.2,538.12 1 1
github.com/airbusgeo/godal/godal.go:541.33,543.17 2 89
github.com/airbusgeo/godal/godal.go:543.17,545.21 2 89
github.com/airbusgeo/godal/godal.go:545.21,547.4 1 179
github.com/airbusgeo/godal/godal.go:548.3,548.42 1 89
github.com/airbusgeo/godal/godal.go:550.2,550.12 1 89
github.com/airbusgeo/godal/godal.go:553.41,555.17 2 1
github.com/airbusgeo/godal/godal.go:555.17,557.21 2 1
github.com/airbusgeo/godal/godal.go:557.21,559.4 1 3
github.com/airbusgeo/godal/godal.go:560.3,560.47 1 1
github.com/airbusgeo/godal/godal.go:562.2,562.12 1 1
github.com/airbusgeo/godal/godal.go:565.43,567.17 2 81
github.com/airbusgeo/godal/godal.go:567.17,569.21 2 46
github.com/airbusgeo/godal/godal.go:569.21,571.4 1 159
github.com/airbusgeo/godal/godal.go:572.3,572.45 1 46
github.com/airbusgeo/godal/godal.go:574.2,574.12 1 81
github.com/airbusgeo/godal/godal.go:582.31,583.14 1 1319
github.com/airbusgeo/godal/godal.go:583.14,585.31 2 152
github.com/airbusgeo/godal/godal.go:585.31,587.4 1 355
github.com/airbusgeo/godal/godal.go:588.3,588.33 1 152
github.com/airbusgeo/godal/godal.go:592.44,594.2 1 1333
github.com/airbusgeo/godal/godal.go:596.52,597.17 1 1333
github.com/airbusgeo/godal/godal.go:597.17,601.21 4 152
github.com/airbusgeo/godal/godal.go:601.21,603.4 1 355
github.com/airbusgeo/godal/godal.go:604.3,605.13 2 152
github.com/airbusgeo/godal/godal.go:607.2,607.23 1 1181
github.com/airbusgeo/godal/godal.go:610.48,611.15 1 9
github.com/airbusgeo/godal/godal.go:611.15,613.3 1 3
github.com/airbusgeo/godal/godal.go:615.2,618.6 4 6
github.com/airbusgeo/godal/godal.go:618.6,619.22 1 34
github.com/airbusgeo/godal/godal.go:619.22,621.4 1 6
github.com/airbusgeo/godal/godal.go:622.3,623.6 2 28
github.com/airbusgeo/godal/godal.go:627.56,628.15 1 2
github.com/airbusgeo/godal/godal.go:628.15,630.3 1 1
github.com/airbusgeo/godal/godal.go:631.2,633.30 3 1
github.com/airbusgeo/godal/godal.go:633.30,635.3 1 3
github.com/airbusgeo/godal/godal.go:636.2,636.14 1 1
github.com/airbusgeo/godal/godal.go:639.62,640.15 1 2
github.com/airbusgeo/godal/godal.go:640.15,642.3 1 1
github.com/airbusgeo/godal/godal.go:643.2,645.30 3 1
github.com/airbusgeo/godal/godal.go:645.30,647.3 1 3
github.com/airbusgeo/godal/godal.go:648.2,648.14 1 1
github.com/airbusgeo/godal/godal.go:651.64,652.15 1 2
github.com/airbusgeo/godal/godal.go:652.15,654.3 1 1
github.com/airbusgeo/godal/godal.go:655.2,657.30 3 1
github.com/airbusgeo/godal/godal.go:657.30,659.3 1 3
github.com/airbusgeo/godal/godal.go:660.2,660.14 1 1
github.com/airbusgeo/godal/godal.go:683.47,685.20 2 2
github.com/airbusgeo/godal/godal.go:685.20,690.3 4 4
github.com/airbusgeo/godal/godal.go:691.2,691.44 1 2
github.com/airbusgeo/godal/godal.go:694.66,697.32 3 4
github.com/airbusgeo/godal/godal.go:697.32,702.3 4 2
github.com/airbusgeo/godal/godal.go:703.2,703.12 1 4
github.com/airbusgeo/godal/godal.go:708.42,713.21 5 4
github.com/airbusgeo/godal/godal.go:713.21,715.3 1 1
github.com/airbusgeo/godal/godal.go:716.2,719.3 1 4
github.com/airbusgeo/godal/godal.go:724.82,726.25 2 3
github.com/airbusgeo/godal/godal.go:726.25,728.3 1 1
github.com/airbusgeo/godal/godal.go:729.2,730.25 2 3
github.com/airbusgeo/godal/godal.go:730.25,732.3 1 2
github.com/airbusgeo/godal/godal.go:733.2,735.20 3 3
github.com/airbusgeo/godal/godal.go:739.35,741.19 2 172
github.com/airbusgeo/godal/godal.go:741.19,743.3 1 6
github.com/airbusgeo/godal/godal.go:744.2,749.6 5 166
github.com/airbusgeo/godal/godal.go:749.6,750.23 1 462
github.com/airbusgeo/godal/godal.go:750.23,752.4 1 166
github.com/airbusgeo/godal/godal.go:753.3,754.6 2 296
github.com/airbusgeo/godal/godal.go:761.69,764.25 2 6
github.com/airbusgeo/godal/godal.go:764.25,766.3 1 3
github.com/airbusgeo/godal/godal.go:767.2,770.16 4 6
github.com/airbusgeo/godal/godal.go:770.16,772.3 1 1
github.com/airbusgeo/godal/godal.go:773.2,777.18 5 5
github.com/airbusgeo/godal/godal.go:777.18,781.17 4 3
github.com/airbusgeo/godal/godal.go:781.17,783.4 1 1
github.com/airbusgeo/godal/godal.go:785.2,785.21 1 4
github.com/airbusgeo/godal/godal.go:785.21,787.3 1 1
github.com/airbusgeo/godal/godal.go:788.2,788.21 1 4
github.com/airbusgeo/godal/godal.go:788.21,790.3 1 1
github.com/airbusgeo/godal/godal.go:791.2,791.17 1 4
github.com/airbusgeo/godal/godal.go:798.93,800.27 2 5
github.com/airbusgeo/godal/godal.go:800.27,802.3 1 4
github.com/airbusgeo/godal/godal.go:803.2,805.36 3 5
github.com/airbusgeo/godal/godal.go:805.36,807.3 1 2
github.com/airbusgeo/godal/godal.go:808.2,808.57 1 3
github.com/airbusgeo/godal/godal.go:812.36,814.2 1 2
github.com/airbusgeo/godal/godal.go:817.40,820.2 2 5
github.com/airbusgeo/godal/godal.go:823.81,825.25 2 9
github.com/airbusgeo/godal/godal.go:825.25,827.3 1 2
github.com/airbusgeo/godal/godal.go:828.2,829.18 2 9
github.com/airbusgeo/godal/godal.go:829.18,832.3 2 8
github.com/airbusgeo/godal/godal.go:833.2,835.20 3 9
github.com/airbusgeo/godal/godal.go:839.45,842.2 2 10
github.com/airbusgeo/godal/godal.go:847.85,849.25 2 15
github.com/airbusgeo/godal/godal.go:849.25,851.3 1 2
github.com/airbusgeo/godal/godal.go:852.2,853.15 2 15
github.com/airbusgeo/godal/godal.go:853.15,855.3 1 5
github.com/airbusgeo/godal/godal.go:855.8,857.3 1 10
github.com/airbusgeo/godal/godal.go:858.2,860.20 3 15
github.com/airbusgeo/godal/godal.go:864.84,866.25 2 15
github.com/airbusgeo/godal/godal.go:866.25,868.3 1 2
github.com/airbusgeo/godal/godal.go:869.2,874.36 6 15
github.com/airbusgeo/godal/godal.go:874.36,876.3 1 5
github.com/airbusgeo/godal/godal.go:877.2,877.21 1 10
github.com/airbusgeo/godal/godal.go:877.21,879.3 1 60
github.com/airbusgeo/godal/godal.go:880.2,880.17 1 10
github.com/airbusgeo/godal/godal.go:884.95,886.25 2 11
github.com/airbusgeo/godal/godal.go:886.25,888.3 1 1
github.com/airbusgeo/godal/godal.go:889.2,892.20 4 11
github.com/airbusgeo/godal/godal.go:896.73,898.27 2 6
github.com/airbusgeo/godal/godal.go:898.27,900.3 1 1
github.com/airbusgeo/godal/godal.go:901.2,903.20 3 6
github.com/airbusgeo/godal/godal.go:907.94,909.27 2 1
github.com/airbusgeo/godal/godal.go:909.27,911.3 1 0
github.com/airbusgeo/godal/godal.go:912.2,914.20 3 1
github.com/airbusgeo/godal/godal.go:933.113,935.27 2 11
github.com/airbusgeo/godal/godal.go:935.27,937.3 1 10
github.com/airbusgeo/godal/godal.go:938.2,938.38 1 11
github.com/airbusgeo/godal/godal.go:938.38,940.3 1 7
github.com/airbusgeo/godal/godal.go:941.2,941.24 1 11
github.com/airbusgeo/godal/godal.go:941.24,943.49 2 4
github.com/airbusgeo/godal/godal.go:943.49,945.4 1 4
github.com/airbusgeo/godal/godal.go:946.3,946.44 1 4
github.com/airbusgeo/godal/godal.go:948.2,955.36 7 11
github.com/airbusgeo/godal/godal.go:955.36,957.3 1 3
github.com/airbusgeo/godal/godal.go:958.2,958.61 1 8
github.com/airbusgeo/godal/godal.go:977.103,979.2 1 4
github.com/airbusgeo/godal/godal.go:997.110,999.27 2 5
github.com/airbusgeo/godal/godal.go:999.27,1001.3 1 7
github.com/airbusgeo/godal/godal.go:1003.2,1003.38 1 5
github.com/airbusgeo/godal/godal.go:1003.38,1005.3 1 4
github.com/airbusgeo/godal/godal.go:1007.2,1007.24 1 5
github.com/airbusgeo/godal/godal.go:1007.24,1009.49 2 2
github.com/airbusgeo/godal/godal.go:1009.49,1011.4 1 2
github.com/airbusgeo/godal/godal.go:1012.3,1012.44 1 2
github.com/airbusgeo/godal/godal.go:1015.2,1016.35 2 5
github.com/airbusgeo/godal/godal.go:1016.35,1018.3 1 6
github.com/airbusgeo/godal/godal.go:1020.2,1027.36 7 5
github.com/airbusgeo/godal/godal.go:1027.36,1029.3 1 3
github.com/airbusgeo/godal/godal.go:1030.2,1030.61 1 2
github.com/airbusgeo/godal/godal.go:1041.106,1043.27 2 5
github.com/airbusgeo/godal/godal.go:1043.27,1045.3 1 4
github.com/airbusgeo/godal/godal.go:1047.2,1052.35 5 5
github.com/airbusgeo/godal/godal.go:1052.35,1054.3 1 5
github.com/airbusgeo/godal/godal.go:1056.2,1062.20 3 5
github.com/airbusgeo/godal/godal.go:1073.71,1075.21 2 23
github.com/airbusgeo/godal/godal.go:1075.21,1077.3 1 1
github.com/airbusgeo/godal/godal.go:1078.2,1085.49 3 22
github.com/airbusgeo/godal/godal.go:1085.49,1087.3 1 14
github.com/airbusgeo/godal/godal.go:1087.8,1089.3 1 8
github.com/airbusgeo/godal/godal.go:1091.2,1091.27 1 22
github.com/airbusgeo/godal/godal.go:1091.27,1093.3 1 36
github.com/airbusgeo/godal/godal.go:1095.2,1095.28 1 22
github.com/airbusgeo/godal/godal.go:1095.28,1098.48 3 5
github.com/airbusgeo/godal/godal.go:1098.48,1103.4 4 14
github.com/airbusgeo/godal/godal.go:1105.2,1105.28 1 22
github.com/airbusgeo/godal/godal.go:1105.28,1107.3 1 1
github.com/airbusgeo/godal/godal.go:1108.2,1108.33 1 21
github.com/airbusgeo/godal/godal.go:1108.33,1109.12 1 33
github.com/airbusgeo/godal/godal.go:1109.12,1111.4 1 1
github.com/airbusgeo/godal/godal.go:1113.2,1117.16 5 20
github.com/airbusgeo/godal/godal.go:1117.16,1119.3 1 1
github.com/airbusgeo/godal/godal.go:1120.2,1126.20 5 20
github.com/airbusgeo/godal/godal.go:1130.71,1132.25 2 22
github.com/airbusgeo/godal/godal.go:1132.25,1134.3 1 2
github.com/airbusgeo/godal/godal.go:1135.2,1137.20 3 22
github.com/airbusgeo/godal/godal.go:1146.73,1148.25 2 5
github.com/airbusgeo/godal/godal.go:1148.25,1150.3 1 1
github.com/airbusgeo/godal/godal.go:1151.2,1153.20 3 5
github.com/airbusgeo/godal/godal.go:1157.49,1173.2 4 28
github.com/airbusgeo/godal/godal.go:1176.117,1178.2 1 63
github.com/airbusgeo/godal/godal.go:1181.118,1183.2 1 9
github.com/airbusgeo/godal/godal.go:1186.131,1189.27 3 72
github.com/airbusgeo/godal/godal.go:1189.27,1191.3 1 59
github.com/airbusgeo/godal/godal.go:1192.2,1192.22 1 72
github.com/airbusgeo/godal/godal.go:1192.22,1194.3 1 57
github.com/airbusgeo/godal/godal.go:1195.2,1195.21 1 72
github.com/airbusgeo/godal/godal.go:1195.21,1197.3 1 57
github.com/airbusgeo/godal/godal.go:1198.2,1198.21 1 72
github.com/airbusgeo/godal/godal.go:1198.21,1200.22 2 67
github.com/airbusgeo/godal/godal.go:1200.22,1202.4 1 4
github.com/airbusgeo/godal/godal.go:1203.3,1203.24 1 63
github.com/airbusgeo/godal/godal.go:1203.24,1205.4 1 127
github.com/airbusgeo/godal/godal.go:1207.2,1211.25 4 68
github.com/airbusgeo/godal/godal.go:1211.25,1213.3 1 1
github.com/airbusgeo/godal/godal.go:1214.2,1214.24 1 68
github.com/airbusgeo/godal/godal.go:1214.24,1216.3 1 5
github.com/airbusgeo/godal/godal.go:1218.2,1219.24 2 68
github.com/airbusgeo/godal/godal.go:1219.24,1221.3 1 2
github.com/airbusgeo/godal/godal.go:1222.2,1222.23 1 68
github.com/airbusgeo/godal/godal.go:1222.23,1224.3 1 5
github.com/airbusgeo/godal/godal.go:1226.2,1227.24 2 68
github.com/airbusgeo/godal/godal.go:1227.24,1229.3 1 1
github.com/airbusgeo/godal/godal.go:1230.2,1230.23 1 68
github.com/airbusgeo/godal/godal.go:1230.23,1232.3 1 4
github.com/airbusgeo/godal/godal.go:1234.2,1234.23 1 68
github.com/airbusgeo/godal/godal.go:1234.23,1238.3 3 3
github.com/airbusgeo/godal/godal.go:1240.2,1244.16 4 68
github.com/airbusgeo/godal/godal.go:1244.16,1246.3 1 6
github.com/airbusgeo/godal/godal.go:1247.2,1254.20 3 59
github.com/airbusgeo/godal/godal.go:1264.20,1266.2 1 2
github.com/airbusgeo/godal/godal.go:1268.24,1270.2 1 1
github.com/airbusgeo/godal/godal.go:1272.70,1274.25 2 2
github.com/airbusgeo/godal/godal.go:1274.25,1276.3 1 1
github.com/airbusgeo/godal/godal.go:1277.2,1281.20 5 2
github.com/airbusgeo/godal/godal.go:1294.50,1295.33 1 10
github.com/airbusgeo/godal/godal.go:1295.33,1296.17 1 12
github.com/airbusgeo/godal/godal.go:1297.15,1298.24 1 1
github.com/airbusgeo/godal/godal.go:1299.12,1300.24 1 3
github.com/airbusgeo/godal/godal.go:1301.12,1302.24 1 2
github.com/airbusgeo/godal/godal.go:1303.14,1304.26 1 3
github.com/airbusgeo/godal/godal.go:1305.11,1308.10 3 3
github.com/airbusgeo/godal/godal.go:1308.10,1310.5 1 2
github.com/airbusgeo/godal/godal.go:1311.4,1311.20 1 3
github.com/airbusgeo/godal/godal.go:1311.20,1313.5 1 2
github.com/airbusgeo/godal/godal.go:1314.4,1314.49 1 1
github.com/airbusgeo/godal/godal.go:1314.49,1316.5 1 1
github.com/airbusgeo/godal/godal.go:1319.2,1319.12 1 7
github.com/airbusgeo/godal/godal.go:1332.50,1333.33 1 9
github.com/airbusgeo/godal/godal.go:1333.33,1334.17 1 11
github.com/airbusgeo/godal/godal.go:1345.11,1348.10 3 11
github.com/airbusgeo/godal/godal.go:1348.10,1350.5 1 8
github.com/airbusgeo/godal/godal.go:1351.4,1351.20 1 11
github.com/airbusgeo/godal/godal.go:1351.20,1353.5 1 2
github.com/airbusgeo/godal/godal.go:1354.4,1354.49 1 9
github.com/airbusgeo/godal/godal.go:1354.49,1356.5 1 1
github.com/airbusgeo/godal/godal.go:1359.2,1359.12 1 6
github.com/airbusgeo/godal/godal.go:1362.42,1366.14 4 10
github.com/airbusgeo/godal/godal.go:1366.14,1368.3 1 2
github.com/airbusgeo/godal/godal.go:1369.2,1369.12 1 8
github.com/airbusgeo/godal/godal.go:1376.32,1380.2 2 1
github.com/airbusgeo/godal/godal.go:1388.42,1390.2 1 82
github.com/airbusgeo/godal/godal.go:1393.37,1395.2 1 2
github.com/airbusgeo/godal/godal.go:1398.38,1400.2 1 2
github.com/airbusgeo/godal/godal.go:1404.51,1405.40 1 5
github.com/airbusgeo/godal/godal.go:1405.40,1406.26 1 3
github.com/airbusgeo/godal/godal.go:1406.26,1408.4 1 1
github.com/airbusgeo/godal/godal.go:1409.3,1409.34 1 2
github.com/airbusgeo/godal/godal.go:1411.2,1411.32 1 2
github.com/airbusgeo/godal/godal.go:1416.51,1417.40 1 5
github.com/airbusgeo/godal/godal.go:1417.40,1418.26 1 3
github.com/airbusgeo/godal/godal.go:1418.26,1420.4 1 1
github.com/airbusgeo/godal/godal.go:1421.3,1421.34 1 2
github.com/airbusgeo/godal/godal.go:1423.2,1423.32 1 2
github.com/airbusgeo/godal/godal.go:1426.44,1430.17 4 88
github.com/airbusgeo/godal/godal.go:1430.17,1432.3 1 83
github.com/airbusgeo/godal/godal.go:1433.2,1433.24 1 5
github.com/airbusgeo/godal/godal.go:1437.139,1439.43 2 62
github.com/airbusgeo/godal/godal.go:1439.43,1440.27 1 61
github.com/airbusgeo/godal/godal.go:1440.27,1442.4 1 1
github.com/airbusgeo/godal/godal.go:1443.3,1443.27 1 60
github.com/airbusgeo/godal/godal.go:1445.2,1446.9 2 61
github.com/airbusgeo/godal/godal.go:1446.9,1448.3 1 1
github.com/airbusgeo/godal/godal.go:1449.2,1450.27 2 60
github.com/airbusgeo/godal/godal.go:1450.27,1452.3 1 14
github.com/airbusgeo/godal/godal.go:1453.2,1463.36 7 60
github.com/airbusgeo/godal/godal.go:1463.36,1465.3 1 3
github.com/airbusgeo/godal/godal.go:1466.2,1466.61 1 57
github.com/airbusgeo/godal/godal.go:1472.98,1474.43 2 21
github.com/airbusgeo/godal/godal.go:1474.43,1475.27 1 20
github.com/airbusgeo/godal/godal.go:1475.27,1477.4 1 2
github.com/airbusgeo/godal/godal.go:1478.3,1478.27 1 18
github.com/airbusgeo/godal/godal.go:1480.2,1481.9 2 19
github.com/airbusgeo/godal/godal.go:1481.9,1483.3 1 1
github.com/airbusgeo/godal/godal.go:1484.2,1485.27 2 18
github.com/airbusgeo/godal/godal.go:1485.27,1487.3 1 1
github.com/airbusgeo/godal/godal.go:1488.2,1496.36 7 18
github.com/airbusgeo/godal/godal.go:1496.36,1498.3 1 2
github.com/airbusgeo/godal/godal.go:1499.2,1499.61 1 16
github.com/airbusgeo/godal/godal.go:1513.44,1515.2 1 659
github.com/airbusgeo/godal/godal.go:1522.65,1527.30 2 55
github.com/airbusgeo/godal/godal.go:1527.30,1529.3 1 16
github.com/airbusgeo/godal/godal.go:1530.2,1544.36 11 55
github.com/airbusgeo/godal/godal.go:1544.36,1546.3 1 16
github.com/airbusgeo/godal/godal.go:1547.2,1547.62 1 39
github.com/airbusgeo/godal/godal.go:1551.53,1553.25 2 124
github.com/airbusgeo/godal/godal.go:1553.25,1555.3 1 1
github.com/airbusgeo/godal/godal.go:1556.2,1556.23 1 124
github.com/airbusgeo/godal/godal.go:1556.23,1558.3 1 3
github.com/airbusgeo/godal/godal.go:1559.2,1562.20 4 121
github.com/airbusgeo/godal/godal.go:1569.34,1571.2 1 26
github.com/airbusgeo/godal/godal.go:1574.34,1576.2 1 11
github.com/airbusgeo/godal/godal.go:1579.37,1581.2 1 2
github.com/airbusgeo/godal/godal.go:1584.51,1588.112 2 3
github.com/airbusgeo/godal/godal.go:1588.112,1590.103 1 1
github.com/airbusgeo/godal/godal.go:1594.13,1597.2 2 1
github.com/airbusgeo/godal/godal.go:1600.78,1605.16 3 95
github.com/airbusgeo/godal/godal.go:1605.16,1608.3 2 71
github.com/airbusgeo/godal/godal.go:1609.2,1609.10 1 24
github.com/airbusgeo/godal/godal.go:1612.63,1614.25 2 6
github.com/airbusgeo/godal/godal.go:1614.25,1616.3 1 6
github.com/airbusgeo/godal/godal.go:1617.2,1620.21 3 6
github.com/airbusgeo/godal/godal.go:1624.27,1630.2 5 5
github.com/airbusgeo/godal/godal.go:1678.41,1679.12 1 76
github.com/airbusgeo/godal/godal.go:1680.15,1681.19 1 4
github.com/airbusgeo/godal/godal.go:1682.15,1683.19 1 10
github.com/airbusgeo/godal/godal.go:1684.16,1685.20 1 4
github.com/airbusgeo/godal/godal.go:1686.13,1687.17 1 5
github.com/airbusgeo/godal/godal.go:1688.19,1689.23 1 4
github.com/airbusgeo/godal/godal.go:1690.15,1691.19 1 4
github.com/airbusgeo/godal/godal.go:1692.13,1693.17 1 4
github.com/airbusgeo/godal/godal.go:1694.12,1695.16 1 4
github.com/airbusgeo/godal/godal.go:1698.10,1699.14 1 6
github.com/airbusgeo/godal/godal.go:1700.10,1701.14 1 6
github.com/airbusgeo/godal/godal.go:1702.14,1703.15 1 6
github.com/airbusgeo/godal/godal.go:1704.11,1705.15 1 6
github.com/airbusgeo/godal/godal.go:1706.11,1707.15 1 6
github.com/airbusgeo/godal/godal.go:1708.11,1709.15 1 6
github.com/airbusgeo/godal/godal.go:1710.10,1711.34 1 1
github.com/airbusgeo/godal/godal.go:1715.64,1716.12 1 133
github.com/airbusgeo/godal/godal.go:1717.15,1718.40 1 106
github.com/airbusgeo/godal/godal.go:1719.15,1720.31 1 2
github.com/airbusgeo/godal/godal.go:1721.16,1722.32 1 2
github.com/airbusgeo/godal/godal.go:1723.13,1724.29 1 2
github.com/airbusgeo/godal/godal.go:1725.19,1726.35 1 2
github.com/airbusgeo/godal/godal.go:1727.15,1728.31 1 2
github.com/airbusgeo/godal/godal.go:1729.13,1730.29 1 2
github.com/airbusgeo/godal/godal.go:1731.12,1732.28 1 2
github.com/airbusgeo/godal/godal.go:1735.10,1736.98 1 13
github.com/airbusgeo/godal/godal.go:1741.65,1742.13 1 2
github.com/airbusgeo/godal/godal.go:1743.17,1744.44 1 0
github.com/airbusgeo/godal/godal.go:1745.17,1746.34 1 0
github.com/airbusgeo/godal/godal.go:1747.17,1748.36 1 0
github.com/airbusgeo/godal/godal.go:1749.17,1750.34 1 0
github.com/airbusgeo/godal/godal.go:1751.17,1752.34 1 1
github.com/airbusgeo/godal/godal.go:1753.15,1754.32 1 0
github.com/airbusgeo/godal/godal.go:1755.15,1756.32 1 0
github.com/airbusgeo/godal/godal.go:1757.26,1758.42 1 0
github.com/airbusgeo/godal/godal.go:1759.30,1760.45 1 0
github.com/airbusgeo/godal/godal.go:1761.16,1762.27 1 1
github.com/airbusgeo/godal/godal.go:1763.19,1764.59 1 0
github.com/airbusgeo/godal/godal.go:1765.10,1766.89 1 0
github.com/airbusgeo/godal/godal.go:1770.46,1771.23 1 159
github.com/airbusgeo/godal/godal.go:1772.14,1773.14 1 120
github.com/airbusgeo/godal/godal.go:1774.15,1775.15 1 2
github.com/airbusgeo/godal/godal.go:1776.16,1777.16 1 2
github.com/airbusgeo/godal/godal.go:1778.15,1779.15 1 12
github.com/airbusgeo/godal/godal.go:1780.16,1781.16 1 2
github.com/airbusgeo/godal/godal.go:1782.17,1783.17 1 4
github.com/airbusgeo/godal/godal.go:1784.17,1785.17 1 12
github.com/airbusgeo/godal/godal.go:1786.19,1787.18 1 2
github.com/airbusgeo/godal/godal.go:1788.20,1789.18 1 2
github.com/airbusgeo/godal/godal.go:1790.10,1791.28 1 1
github.com/airbusgeo/godal/godal.go:1797.62,1798.30 1 159
github.com/airbusgeo/godal/godal.go:1798.30,1799.21 1 158
github.com/airbusgeo/godal/godal.go:1799.21,1800.71 1 14
github.com/airbusgeo/godal/godal.go:1803.2,1803.30 1 159
github.com/airbusgeo/godal/godal.go:1804.14,1806.33 2 120
github.com/airbusgeo/godal/godal.go:1807.15,1809.33 2 2
github.com/airbusgeo/godal/godal.go:1810.16,1812.33 2 2
github.com/airbusgeo/godal/godal.go:1813.15,1815.33 2 12
github.com/airbusgeo/godal/godal.go:1816.16,1818.33 2 2
github.com/airbusgeo/godal/godal.go:1819.17,1821.33 2 4
github.com/airbusgeo/godal/godal.go:1822.17,1824.33 2 12
github.com/airbusgeo/godal/godal.go:1825.19,1827.33 2 2
github.com/airbusgeo/godal/godal.go:1828.20,1830.33 2 2
github.com/airbusgeo/godal/godal.go:1831.10,1832.28 1 1
github.com/airbusgeo/godal/godal.go:1836.75,1838.27 2 4
github.com/airbusgeo/godal/godal.go:1838.27,1840.3 1 2
github.com/airbusgeo/godal/godal.go:1841.2,1846.24 6 4
github.com/airbusgeo/godal/godal.go:1849.75,1851.27 2 6
github.com/airbusgeo/godal/godal.go:1851.27,1853.3 1 4
github.com/airbusgeo/godal/godal.go:1854.2,1858.24 5 6
github.com/airbusgeo/godal/godal.go:1858.24,1860.3 1 2
github.com/airbusgeo/godal/godal.go:1861.2,1862.31 2 4
github.com/airbusgeo/godal/godal.go:1862.31,1864.37 2 20
github.com/airbusgeo/godal/godal.go:1864.37,1866.4 1 1
github.com/airbusgeo/godal/godal.go:1866.9,1868.4 1 19
github.com/airbusgeo/godal/godal.go:1870.2,1870.12 1 4
github.com/airbusgeo/godal/godal.go:1873.84,1875.27 2 7
github.com/airbusgeo/godal/godal.go:1875.27,1877.3 1 3
github.com/airbusgeo/godal/godal.go:1878.2,1886.20 9 7
github.com/airbusgeo/godal/godal.go:1889.67,1891.27 2 2
github.com/airbusgeo/godal/godal.go:1891.27,1893.3 1 3
github.com/airbusgeo/godal/godal.go:1894.2,1898.20 5 2
github.com/airbusgeo/godal/godal.go:1901.50,1904.2 2 1
github.com/airbusgeo/godal/godal.go:1907.44,1910.2 2 1
github.com/airbusgeo/godal/godal.go:1913.94,1915.27 2 2
github.com/airbusgeo/godal/godal.go:1915.27,1917.3 1 1
github.com/airbusgeo/godal/godal.go:1919.2,1923.20 5 2
github.com/airbusgeo/godal/godal.go:1931.3,1933.2 1 2
github.com/airbusgeo/godal/godal.go:1935.47,1939.2 2 2
github.com/airbusgeo/godal/godal.go:1946.3,1948.2 1 1
github.com/airbusgeo/godal/godal.go:1950.47,1952.2 1 1
github.com/airbusgeo/godal/godal.go:1959.3,1961.2 1 6
github.com/airbusgeo/godal/godal.go:1962.47,1964.2 1 6
github.com/airbusgeo/godal/godal.go:1971.3,1973.2 1 1
github.com/airbusgeo/godal/godal.go:1974.47,1976.2 1 1
github.com/airbusgeo/godal/godal.go:1985.68,1987.25 2 11
github.com/airbusgeo/godal/godal.go:1987.25,1989.3 1 1
github.com/airbusgeo/godal/godal.go:1990.2,1992.36 3 11
github.com/airbusgeo/godal/godal.go:1992.36,1994.3 1 2
github.com/airbusgeo/godal/godal.go:1995.2,1997.17 3 9
github.com/airbusgeo/godal/godal.go:2001.31,2002.22 1 21
github.com/airbusgeo/godal/godal.go:2002.22,2005.3 1 1
github.com/airbusgeo/godal/godal.go:2006.2,2006.17 1 20
github.com/airbusgeo/godal/godal.go:2006.17,2009.3 2 9
github.com/airbusgeo/godal/godal.go:2010.2,2011.17 2 11
github.com/airbusgeo/godal/godal.go:2017.91,2019.25 2 6
github.com/airbusgeo/godal/godal.go:2019.25,2021.3 1 2
github.com/airbusgeo/godal/godal.go:2022.2,2026.36 5 6
github.com/airbusgeo/godal/godal.go:2026.36,2028.3 1 2
github.com/airbusgeo/godal/godal.go:2029.2,2029.54 1 4
github.com/airbusgeo/godal/godal.go:2033.92,2035.25 2 4
github.com/airbusgeo/godal/godal.go:2035.25,2037.3 1 1
github.com/airbusgeo/godal/godal.go:2038.2,2042.36 5 4
github.com/airbusgeo/godal/godal.go:2042.36,2044.3 1 1
github.com/airbusgeo/godal/godal.go:2045.2,2045.54 1 3
github.com/airbusgeo/godal/godal.go:2049.95,2051.25 2 4
github.com/airbusgeo/godal/godal.go:2051.25,2053.3 1 2
github.com/airbusgeo/godal/godal.go:2054.2,2058.36 5 4
github.com/airbusgeo/godal/godal.go:2058.36,2060.3 1 2
github.com/airbusgeo/godal/godal.go:2061.2,2061.54 1 2
github.com/airbusgeo/godal/godal.go:2065.91,2067.25 2 31
github.com/airbusgeo/godal/godal.go:2067.25,2069.3 1 1
github.com/airbusgeo/godal/godal.go:2070.2,2072.36 3 31
github.com/airbusgeo/godal/godal.go:2072.36,2074.3 1 1
github.com/airbusgeo/godal/godal.go:2075.2,2075.54 1 30
github.com/airbusgeo/godal/godal.go:2079.54,2082.2 2 8
github.com/airbusgeo/godal/godal.go:2091.86,2093.25 2 12
github.com/airbusgeo/godal/godal.go:2093.25,2095.3 1 1
github.com/airbusgeo/godal/godal.go:2096.2,2098.36 3 12
github.com/airbusgeo/godal/godal.go:2098.36,2100.3 1 4
github.com/airbusgeo/godal/godal.go:2101.2,2101.55 1 8
github.com/airbusgeo/godal/godal.go:2105.31,2106.23 1 7
github.com/airbusgeo/godal/godal.go:2106.23,2109.3 1 1
github.com/airbusgeo/godal/godal.go:2110.2,2111.18 2 6
github.com/airbusgeo/godal/godal.go:2125.99,2133.16 8 8
github.com/airbusgeo/godal/godal.go:2133.16,2136.3 2 1
github.com/airbusgeo/godal/godal.go:2137.2,2137.25 1 8
github.com/airbusgeo/godal/godal.go:2137.25,2140.3 2 1
github.com/airbusgeo/godal/godal.go:2141.2,2141.19 1 8
github.com/airbusgeo/godal/godal.go:2141.19,2144.16 3 26
github.com/airbusgeo/godal/godal.go:2144.16,2146.4 1 2
github.com/airbusgeo/godal/godal.go:2148.2,2149.19 2 8
github.com/airbusgeo/godal/godal.go:2149.19,2152.16 3 26
github.com/airbusgeo/godal/godal.go:2152.16,2154.4 1 2
github.com/airbusgeo/godal/godal.go:2155.3,2155.16 1 26
github.com/airbusgeo/godal/godal.go:2155.16,2156.17 1 2
github.com/airbusgeo/godal/godal.go:2156.17,2158.5 1 1
github.com/airbusgeo/godal/godal.go:2158.10,2160.5 1 1
github.com/airbusgeo/godal/godal.go:2163.2,2163.14 1 8
github.com/airbusgeo/godal/godal.go:2163.14,2165.3 1 2
github.com/airbusgeo/godal/godal.go:2166.2,2166.12 1 6
github.com/airbusgeo/godal/godal.go:2170.50,2173.2 2 2
github.com/airbusgeo/godal/godal.go:2176.41,2179.2 2 2
github.com/airbusgeo/godal/godal.go:2182.40,2185.2 2 2
github.com/airbusgeo/godal/godal.go:2188.52,2191.14 3 4
github.com/airbusgeo/godal/godal.go:2191.14,2193.3 1 1
github.com/airbusgeo/godal/godal.go:2194.2,2194.25 1 3
github.com/airbusgeo/godal/godal.go:2198.52,2201.14 3 2
github.com/airbusgeo/godal/godal.go:2201.14,2203.3 1 1
github.com/airbusgeo/godal/godal.go:2204.2,2204.25 1 1
github.com/airbusgeo/godal/godal.go:2208.72,2212.17 4 2
github.com/airbusgeo/godal/godal.go:2212.17,2214.3 1 1
github.com/airbusgeo/godal/godal.go:2215.2,2215.18 1 1
github.com/airbusgeo/godal/godal.go:2222.59,2224.21 2 4
github.com/airbusgeo/godal/godal.go:2224.21,2227.3 2 2
github.com/airbusgeo/godal/godal.go:2228.2,2229.17 2 4
github.com/airbusgeo/godal/godal.go:2229.17,2231.3 1 2
github.com/airbusgeo/godal/godal.go:2232.2,2232.11 1 2
github.com/airbusgeo/godal/godal.go:2240.59,2242.21 2 4
github.com/airbusgeo/godal/godal.go:2242.21,2245.3 2 2
github.com/airbusgeo/godal/godal.go:2246.2,2247.17 2 4
github.com/airbusgeo/godal/godal.go:2247.17,2249.3 1 2
github.com/airbusgeo/godal/godal.go:2250.2,2250.11 1 2
github.com/airbusgeo/godal/godal.go:2254.48,2256.17 2 3
github.com/airbusgeo/godal/godal.go:2256.17,2258.3 1 2
github.com/airbusgeo/godal/godal.go:2259.2,2259.12 1 1
github.com/airbusgeo/godal/godal.go:2263.72,2265.27 2 2
github.com/airbusgeo/godal/godal.go:2265.27,2267.3 1 1
github.com/airbusgeo/godal/godal.go:2268.2,2270.20 3 2
github.com/airbusgeo/godal/godal.go:2274.106,2276.27 2 3
github.com/airbusgeo/godal/godal.go:2276.27,2278.3 1 5
github.com/airbusgeo/godal/godal.go:2279.2,2279.36 1 3
github.com/airbusgeo/godal/godal.go:2279.36,2281.3 1 1
github.com/airbusgeo/godal/godal.go:2282.2,2282.24 1 3
github.com/airbusgeo/godal/godal.go:2282.24,2284.49 2 1
github.com/airbusgeo/godal/godal.go:2284.49,2286.4 1 1
github.com/airbusgeo/godal/godal.go:2287.3,2287.44 1 1
github.com/airbusgeo/godal/godal.go:2289.2,2296.36 7 3
github.com/airbusgeo/godal/godal.go:2296.36,2298.3 1 2
github.com/airbusgeo/godal/godal.go:2299.2,2299.61 1 1
github.com/airbusgeo/godal/godal.go:2303.107,2305.27 2 4
github.com/airbusgeo/godal/godal.go:2305.27,2307.3 1 1
github.com/airbusgeo/godal/godal.go:2308.2,2313.36 5 4
github.com/airbusgeo/godal/godal.go:2313.36,2315.3 1 2
github.com/airbusgeo/godal/godal.go:2316.2,2316.12 1 2
github.com/airbusgeo/godal/godal.go:2329.90,2331.25 2 9
github.com/airbusgeo/godal/godal.go:2331.25,2333.3 1 14
github.com/airbusgeo/godal/godal.go:2334.2,2334.25 1 9
github.com/airbusgeo/godal/godal.go:2334.25,2337.23 3 4
github.com/airbusgeo/godal/godal.go:2337.23,2339.4 1 12
github.com/airbusgeo/godal/godal.go:2341.2,2341.26 1 9
github.com/airbusgeo/godal/godal.go:2341.26,2343.29 2 2
github.com/airbusgeo/godal/godal.go:2343.29,2345.4 1 6
github.com/airbusgeo/godal/godal.go:2347.2,2347.63 1 9
github.com/airbusgeo/godal/godal.go:2347.63,2348.39 1 1
github.com/airbusgeo/godal/godal.go:2348.39,2350.4 1 2
github.com/airbusgeo/godal/godal.go:2352.2,2352.39 1 9
github.com/airbusgeo/godal/godal.go:2352.39,2354.3 1 1
github.com/airbusgeo/godal/godal.go:2355.2,2358.20 3 8
github.com/airbusgeo/godal/godal.go:2440.73,2445.2 1 16
github.com/airbusgeo/godal/godal.go:2447.66,2449.2 1 16
github.com/airbusgeo/godal/godal.go:2451.59,2456.2 4 16
github.com/airbusgeo/godal/godal.go:2475.125,2477.27 2 7
github.com/airbusgeo/godal/godal.go:2477.27,2479.3 1 5
github.com/airbusgeo/godal/godal.go:2480.2,2480.38 1 7
github.com/airbusgeo/godal/godal.go:2480.38,2482.3 1 1
github.com/airbusgeo/godal/godal.go:2483.2,2483.24 1 7
github.com/airbusgeo/godal/godal.go:2483.24,2485.49 2 1
github.com/airbusgeo/godal/godal.go:2485.49,2487.4 1 1
github.com/airbusgeo/godal/godal.go:2488.3,2488.43 1 1
github.com/airbusgeo/godal/godal.go:2490.2,2497.36 7 7
github.com/airbusgeo/godal/godal.go:2497.36,2499.3 1 2
github.com/airbusgeo/godal/godal.go:2500.2,2500.61 1 5
github.com/airbusgeo/godal/godal.go:2509.41,2511.2 1 82
github.com/airbusgeo/godal/godal.go:2514.34,2516.2 1 1
github.com/airbusgeo/godal/godal.go:2519.40,2521.2 1 1
github.com/airbusgeo/godal/godal.go:2524.69,2526.25 2 4
github.com/airbusgeo/godal/godal.go:2526.25,2528.3 1 3
github.com/airbusgeo/godal/godal.go:2529.2,2532.36 4 4
github.com/airbusgeo/godal/godal.go:2532.36,2534.3 1 1
github.com/airbusgeo/godal/godal.go:2535.2,2541.18 2 3
github.com/airbusgeo/godal/godal.go:2541.18,2543.3 1 1
github.com/airbusgeo/godal/godal.go:2544.2,2547.16 4 2
github.com/airbusgeo/godal/godal.go:2547.16,2549.3 1 1
github.com/airbusgeo/godal/godal.go:2550.2,2550.18 1 1
github.com/airbusgeo/godal/godal.go:2554.74,2556.25 2 11
github.com/airbusgeo/godal/godal.go:2556.25,2558.3 1 2
github.com/airbusgeo/godal/godal.go:2559.2,2562.36 4 11
github.com/airbusgeo/godal/godal.go:2562.36,2564.3 1 2
github.com/airbusgeo/godal/godal.go:2565.2,2565.24 1 9
github.com/airbusgeo/godal/godal.go:2569.37,2571.20 2 19
github.com/airbusgeo/godal/godal.go:2571.20,2573.3 1 1
github.com/airbusgeo/godal/godal.go:2574.2,2579.6 5 18
github.com/airbusgeo/godal/godal.go:2579.6,2580.24 1 37
github.com/airbusgeo/godal/godal.go:2580.24,2582.4 1 18
github.com/airbusgeo/godal/godal.go:2583.3,2584.6 2 19
github.com/airbusgeo/godal/godal.go:2589.45,2592.2 2 3
github.com/airbusgeo/godal/godal.go:2602.35,2604.2 1 4
github.com/airbusgeo/godal/godal.go:2607.34,2609.2 1 1
github.com/airbusgeo/godal/godal.go:2615.40,2617.2 1 1
github.com/airbusgeo/godal/godal.go:2620.40,2622.2 1 1
github.com/airbusgeo/godal/godal.go:2625.91,2627.25 2 4
github.com/airbusgeo/godal/godal.go:2627.25,2629.3 1 1
github.com/airbusgeo/godal/godal.go:2630.2,2632.36 3 4
github.com/airbusgeo/godal/godal.go:2632.36,2634.3 1 2
github.com/airbusgeo/godal/godal.go:2635.2,2638.8 1 2
github.com/airbusgeo/godal/godal.go:2642.100,2644.25 2 7
github.com/airbusgeo/godal/godal.go:2644.25,2646.3 1 1
github.com/airbusgeo/godal/godal.go:2647.2,2649.36 3 7
github.com/airbusgeo/godal/godal.go:2649.36,2651.3 1 2
github.com/airbusgeo/godal/godal.go:2652.2,2655.8 1 5
github.com/airbusgeo/godal/godal.go:2659.93,2661.41 1 3
github.com/airbusgeo/godal/godal.go:2661.41,2663.3 1 1
github.com/airbusgeo/godal/godal.go:2664.2,2665.25 2 2
github.com/airbusgeo/godal/godal.go:2665.25,2667.3 1 1
github.com/airbusgeo/godal/godal.go:2668.2,2670.36 3 2
github.com/airbusgeo/godal/godal.go:2670.36,2672.3 1 1
github.com/airbusgeo/godal/godal.go:2673.2,2676.8 1 1
github.com/airbusgeo/godal/godal.go:2680.84,2682.25 2 1
github.com/airbusgeo/godal/godal.go:2682.25,2684.3 1 1
github.com/airbusgeo/godal/godal.go:2685.2,2687.20 3 1
github.com/airbusgeo/godal/godal.go:2691.52,2697.2 2 1
github.com/airbusgeo/godal/godal.go:2700.47,2706.2 2 1
github.com/airbusgeo/godal/godal.go:2709.96,2711.25 2 3
github.com/airbusgeo/godal/godal.go:2711.25,2713.3 1 1
github.com/airbusgeo/godal/godal.go:2714.2,2716.36 3 3
github.com/airbusgeo/godal/godal.go:2716.36,2718.3 1 1
github.com/airbusgeo/godal/godal.go:2719.2,2722.8 1 2
github.com/airbusgeo/godal/godal.go:2728.88,2730.25 2 8
github.com/airbusgeo/godal/godal.go:2730.25,2732.3 1 3
github.com/airbusgeo/godal/godal.go:2733.2,2735.36 3 8
github.com/airbusgeo/godal/godal.go:2735.36,2737.3 1 4
github.com/airbusgeo/godal/godal.go:2738.2,2738.22 1 4
github.com/airbusgeo/godal/godal.go:2742.97,2744.41 1 3
github.com/airbusgeo/godal/godal.go:2744.41,2746.3 1 1
github.com/airbusgeo/godal/godal.go:2747.2,2748.25 2 2
github.com/airbusgeo/godal/godal.go:2748.25,2750.3 1 1
github.com/airbusgeo/godal/godal.go:2751.2,2753.36 3 2
github.com/airbusgeo/godal/godal.go:2753.36,2755.3 1 1
github.com/airbusgeo/godal/godal.go:2756.2,2759.8 1 1
github.com/airbusgeo/godal/godal.go:2763.83,2765.41 1 3
github.com/airbusgeo/godal/godal.go:2765.41,2767.3 1 1
github.com/airbusgeo/godal/godal.go:2768.2,2769.25 2 2
github.com/airbusgeo/godal/godal.go:2769.25,2771.3 1 1
github.com/airbusgeo/godal/godal.go:2772.2,2774.36 3 2
github.com/airbusgeo/godal/godal.go:2774.36,2776.3 1 1
github.com/airbusgeo/godal/godal.go:2777.2,2780.8 1 1
github.com/airbusgeo/godal/godal.go:2784.51,2787.2 2 1
github.com/airbusgeo/godal/godal.go:2790.33,2793.2 2 3
github.com/airbusgeo/godal/godal.go:2796.33,2799.2 2 2
github.com/airbusgeo/godal/godal.go:2802.69,2804.25 2 4
github.com/airbusgeo/godal/godal.go:2804.25,2806.3 1 3
github.com/airbusgeo/godal/godal.go:2807.2,2815.18 4 4
github.com/airbusgeo/godal/godal.go:2815.18,2817.3 1 1
github.com/airbusgeo/godal/godal.go:2818.2,2821.16 4 3
github.com/airbusgeo/godal/godal.go:2821.16,2823.3 1 2
github.com/airbusgeo/godal/godal.go:2824.2,2824.17 1 1
github.com/airbusgeo/godal/godal.go:2828.28,2829.21 1 26
github.com/airbusgeo/godal/godal.go:2829.21,2832.3 1 2
github.com/airbusgeo/godal/godal.go:2833.2,2833.15 1 24
github.com/airbusgeo/godal/godal.go:2833.15,2835.3 1 20
github.com/airbusgeo/godal/godal.go:2836.2,2836.16 1 24
github.com/airbusgeo/godal/godal.go:2845.40,2851.2 2 8
github.com/airbusgeo/godal/godal.go:2854.80,2856.25 2 5
github.com/airbusgeo/godal/godal.go:2856.25,2858.3 1 1
github.com/airbusgeo/godal/godal.go:2859.2,2861.20 3 5
github.com/airbusgeo/godal/godal.go:2865.54,2869.18 4 1
github.com/airbusgeo/godal/godal.go:2869.18,2871.3 1 1
github.com/airbusgeo/godal/godal.go:2875.37,2878.2 1 1
github.com/airbusgeo/godal/godal.go:2881.100,2883.25 2 26
github.com/airbusgeo/godal/godal.go:2883.25,2885.3 1 1
github.com/airbusgeo/godal/godal.go:2886.2,2888.21 2 26
github.com/airbusgeo/godal/godal.go:2889.13,2891.10 2 2
github.com/airbusgeo/godal/godal.go:2891.10,2893.4 1 1
github.com/airbusgeo/godal/godal.go:2894.3,2894.95 1 1
github.com/airbusgeo/godal/godal.go:2895.15,2897.10 2 2
github.com/airbusgeo/godal/godal.go:2897.10,2899.4 1 1
github.com/airbusgeo/godal/godal.go:2900.3,2900.104 1 1
github.com/airbusgeo/godal/godal.go:2901.14,2903.10 2 2
github.com/airbusgeo/godal/godal.go:2903.10,2905.4 1 1
github.com/airbusgeo/godal/godal.go:2906.3,2906.99 1 1
github.com/airbusgeo/godal/godal.go:2907.16,2909.10 2 3
github.com/airbusgeo/godal/godal.go:2909.10,2911.4 1 1
github.com/airbusgeo/godal/godal.go:2912.3,2914.83 3 2
github.com/airbusgeo/godal/godal.go:2915.34,2917.10 2 6
github.com/airbusgeo/godal/godal.go:2917.10,2919.4 1 3
github.com/airbusgeo/godal/godal.go:2920.3,2921.41 2 3
github.com/airbusgeo/godal/godal.go:2921.41,2923.4 1 1
github.com/airbusgeo/godal/godal.go:2923.9,2926.4 2 2
github.com/airbusgeo/godal/godal.go:2927.3,2938.4 1 3
github.com/airbusgeo/godal/godal.go:2939.17,2941.10 2 2
github.com/airbusgeo/godal/godal.go:2941.10,2943.4 1 1
github.com/airbusgeo/godal/godal.go:2944.3,2944.133 1 1
github.com/airbusgeo/godal/godal.go:2945.19,2947.10 2 2
github.com/airbusgeo/godal/godal.go:2947.10,2949.4 1 1
github.com/airbusgeo/godal/godal.go:2950.3,2950.140 1 1
github.com/airbusgeo/godal/godal.go:2951.18,2953.10 2 2
github.com/airbusgeo/godal/godal.go:2953.10,2955.4 1 1
github.com/airbusgeo/godal/godal.go:2956.3,2956.143 1 1
github.com/airbusgeo/godal/godal.go:2957.20,2959.10 2 2
github.com/airbusgeo/godal/godal.go:2959.10,2961.4 1 1
github.com/airbusgeo/godal/godal.go:2962.3,2964.16 3 1
github.com/airbusgeo/godal/godal.go:2965.16,2967.10 2 2
github.com/airbusgeo/godal/godal.go:2967.10,2969.4 1 1
github.com/airbusgeo/godal/godal.go:2970.3,2970.133 1 1
github.com/airbusgeo/godal/godal.go:2971.10,2973.79 2 1
github.com/airbusgeo/godal/godal.go:2976.2,2976.20 1 13
github.com/airbusgeo/godal/godal.go:2988.31,2990.2 1 1
github.com/airbusgeo/godal/godal.go:2993.35,2995.2 1 12
github.com/airbusgeo/godal/godal.go:2998.30,2999.19 1 16
github.com/airbusgeo/godal/godal.go:3000.22,3001.25 1 4
github.com/airbusgeo/godal/godal.go:3002.14,3003.34 1 2
github.com/airbusgeo/godal/godal.go:3004.16,3006.19 2 2
github.com/airbusgeo/godal/godal.go:3007.10,3008.11 1 8
github.com/airbusgeo/godal/godal.go:3013.34,3014.19 1 15
github.com/airbusgeo/godal/godal.go:3015.22,3016.34 1 3
github.com/airbusgeo/godal/godal.go:3017.14,3018.27 1 2
github.com/airbusgeo/godal/godal.go:3019.16,3021.12 2 2
github.com/airbusgeo/godal/godal.go:3022.10,3023.11 1 8
github.com/airbusgeo/godal/godal.go:3028.34,3029.19 1 17
github.com/airbusgeo/godal/godal.go:3030.22,3031.44 1 3
github.com/airbusgeo/godal/godal.go:3032.14,3033.46 1 2
github.com/airbusgeo/godal/godal.go:3034.16,3035.26 1 4
github.com/airbusgeo/godal/godal.go:3036.10,3037.12 1 8
github.com/airbusgeo/godal/godal.go:3042.33,3043.19 1 2
github.com/airbusgeo/godal/godal.go:3044.16,3045.26 1 1
github.com/airbusgeo/godal/godal.go:3046.10,3047.13 1 1
github.com/airbusgeo/godal/godal.go:3052.40,3053.19 1 5
github.com/airbusgeo/godal/godal.go:3054.34,3055.30 1 4
github.com/airbusgeo/godal/godal.go:3056.10,3057.13 1 1
github.com/airbusgeo/godal/godal.go:3062.36,3063.19 1 3
github.com/airbusgeo/godal/godal.go:3064.30,3065.27 1 2
github.com/airbusgeo/godal/godal.go:3066.10,3067.13 1 1
github.com/airbusgeo/godal/godal.go:3072.40,3073.19 1 2
github.com/airbusgeo/godal/godal.go:3074.18,3075.29 1 1
github.com/airbusgeo/godal/godal.go:3076.10,3077.13 1 1
github.com/airbusgeo/godal/godal.go:3082.40,3083.19 1 2
github.com/airbusgeo/godal/godal.go:3084.20,3085.28 1 1
github.com/airbusgeo/godal/godal.go:3086.10,3087.13 1 1
github.com/airbusgeo/godal/godal.go:3092.45,3094.17 2 7
github.com/airbusgeo/godal/godal.go:3094.17,3096.3 1 1
github.com/airbusgeo/godal/godal.go:3097.2,3098.43 2 6
github.com/airbusgeo/godal/godal.go:3098.43,3106.16 5 34
github.com/airbusgeo/godal/godal.go:3107.21,3109.63 2 4
github.com/airbusgeo/godal/godal.go:3110.23,3112.63 2 2
github.com/airbusgeo/godal/godal.go:3113.18,3115.62 2 3
github.com/airbusgeo/godal/godal.go:3116.20,3118.65 2 6
github.com/airbusgeo/godal/godal.go:3119.18,3121.39 2 2
github.com/airbusgeo/godal/godal.go:3122.18,3124.39 2 2
github.com/airbusgeo/godal/godal.go:3125.22,3127.39 2 3
github.com/airbusgeo/godal/godal.go:3128.25,3132.46 4 2
github.com/airbusgeo/godal/godal.go:3133.27,3137.47 4 2
github.com/airbusgeo/godal/godal.go:3138.22,3142.49 4 2
github.com/airbusgeo/godal/godal.go:3143.24,3146.41 3 2
github.com/airbusgeo/godal/godal.go:3147.20,3152.21 5 2
github.com/airbusgeo/godal/godal.go:3152.21,3154.5 1 1
github.com/airbusgeo/godal/godal.go:3155.4,3155.19 1 2
github.com/airbusgeo/godal/godal.go:3156.11,3158.25 1 2
github.com/airbusgeo/godal/godal.go:3160.3,3160.20 1 34
github.com/airbusgeo/godal/godal.go:3162.2,3162.13 1 6
github.com/airbusgeo/godal/godal.go:3166.62,3179.14 3 7
github.com/airbusgeo/godal/godal.go:3179.14,3182.17 2 4
github.com/airbusgeo/godal/godal.go:3183.10,3184.31 1 1
github.com/airbusgeo/godal/godal.go:3185.10,3186.25 1 1
github.com/airbusgeo/godal/godal.go:3187.11,3188.81 1 2
github.com/airbusgeo/godal/godal.go:3190.3,3191.12 2 4
github.com/airbusgeo/godal/godal.go:3193.2,3193.12 1 3
github.com/airbusgeo/godal/godal.go:3197.27,3198.21 1 7
github.com/airbusgeo/godal/godal.go:3198.21,3201.3 1 2
github.com/airbusgeo/godal/godal.go:3202.2,3203.16 2 5
github.com/airbusgeo/godal/godal.go:3207.35,3209.2 1 4
github.com/airbusgeo/godal/godal.go:3212.43,3214.17 2 18
github.com/airbusgeo/godal/godal.go:3214.17,3216.3 1 5
github.com/airbusgeo/godal/godal.go:3217.2,3217.23 1 13
github.com/airbusgeo/godal/godal.go:3221.84,3223.27 2 2
github.com/airbusgeo/godal/godal.go:3223.27,3225.3 1 1
github.com/airbusgeo/godal/godal.go:3226.2,3228.36 3 2
github.com/airbusgeo/godal/godal.go:3228.36,3230.3 1 1
github.com/airbusgeo/godal/godal.go:3231.2,3231.12 1 1
github.com/airbusgeo/godal/godal.go:3235.91,3237.27 2 14
github.com/airbusgeo/godal/godal.go:3237.27,3239.3 1 1
github.com/airbusgeo/godal/godal.go:3240.2,3241.17 2 14
github.com/airbusgeo/godal/godal.go:3241.17,3243.3 1 13
github.com/airbusgeo/godal/godal.go:3244.2,3246.36 3 14
github.com/airbusgeo/godal/godal.go:3246.36,3248.3 1 2
github.com/airbusgeo/godal/godal.go:3249.2,3249.28 1 12
github.com/airbusgeo/godal/godal.go:3253.84,3255.25 2 9
github.com/airbusgeo/godal/godal.go:3255.25,3257.3 1 4
github.com/airbusgeo/godal/godal.go:3258.2,3260.20 3 9
github.com/airbusgeo/godal/godal.go:3264.84,3266.25 2 6
github.com/airbusgeo/godal/godal.go:3266.25,3268.3 1 2
github.com/airbusgeo/godal/godal.go:3269.2,3271.20 3 6
github.com/airbusgeo/godal/godal.go:3278.123,3280.27 2 19
github.com/airbusgeo/godal/godal.go:3280.27,3282.3 1 17
github.com/airbusgeo/godal/godal.go:3283.2,3284.15 2 19
github.com/airbusgeo/godal/godal.go:3284.15,3286.3 1 1
github.com/airbusgeo/godal/godal.go:3287.2,3291.36 5 19
github.com/airbusgeo/godal/godal.go:3291.36,3293.3 1 2
github.com/airbusgeo/godal/godal.go:3294.2,3294.24 1 17
github.com/airbusgeo/godal/godal.go:3294.24,3295.33 1 3
github.com/airbusgeo/godal/godal.go:3295.33,3300.4 3 16
github.com/airbusgeo/godal/godal.go:3302.2,3302.58 1 17
github.com/airbusgeo/godal/godal.go:3306.97,3308.27 2 2
github.com/airbusgeo/godal/godal.go:3308.27,3310.3 1 1
github.com/airbusgeo/godal/godal.go:3311.2,3315.36 5 2
github.com/airbusgeo/godal/godal.go:3315.36,3317.3 1 1
github.com/airbusgeo/godal/godal.go:3318.2,3318.58 1 1
github.com/airbusgeo/godal/godal.go:3322.52,3326.17 4 2
github.com/airbusgeo/godal/godal.go:3326.17,3328.3 1 1
github.com/airbusgeo/godal/godal.go:3329.2,3329.54 1 1
github.com/airbusgeo/godal/godal.go:3333.91,3335.25 2 6
github.com/airbusgeo/godal/godal.go:3335.25,3337.3 1 2
github.com/airbusgeo/godal/godal.go:3339.2,3343.36 5 6
github.com/airbusgeo/godal/godal.go:3343.36,3345.3 1 2
github.com/airbusgeo/godal/godal.go:3346.2,3346.52 1 4
github.com/airbusgeo/godal/godal.go:3350.99,3352.25 2 36
github.com/airbusgeo/godal/godal.go:3352.25,3354.3 1 3
github.com/airbusgeo/godal/godal.go:3355.2,3356.15 2 36
github.com/airbusgeo/godal/godal.go:3356.15,3358.3 1 21
github.com/airbusgeo/godal/godal.go:3359.2,3363.36 5 36
github.com/airbusgeo/godal/godal.go:3363.36,3365.3 1 2
github.com/airbusgeo/godal/godal.go:3366.2,3366.52 1 34
github.com/airbusgeo/godal/godal.go:3370.99,3372.25 2 4
github.com/airbusgeo/godal/godal.go:3372.25,3374.3 1 2
github.com/airbusgeo/godal/godal.go:3375.2,3376.15 2 4
github.com/airbusgeo/godal/godal.go:3376.15,3378.3 1 2
github.com/airbusgeo/godal/godal.go:3379.2,3381.36 3 4
github.com/airbusgeo/godal/godal.go:3381.36,3383.3 1 2
github.com/airbusgeo/godal/godal.go:3384.2,3384.52 1 2
github.com/airbusgeo/godal/godal.go:3388.67,3390.25 2 13
github.com/airbusgeo/godal/godal.go:3390.25,3392.3 1 1
github.com/airbusgeo/godal/godal.go:3393.2,3395.36 3 13
github.com/airbusgeo/godal/godal.go:3395.36,3397.3 1 1
github.com/airbusgeo/godal/godal.go:3398.2,3400.17 3 12
github.com/airbusgeo/godal/godal.go:3404.67,3406.25 2 3
github.com/airbusgeo/godal/godal.go:3406.25,3408.3 1 1
github.com/airbusgeo/godal/godal.go:3409.2,3413.36 5 3
github.com/airbusgeo/godal/godal.go:3413.36,3415.3 1 1
github.com/airbusgeo/godal/godal.go:3416.2,3418.17 3 2
github.com/airbusgeo/godal/godal.go:3422.45,3428.2 2 7
github.com/airbusgeo/godal/godal.go:3432.50,3434.2 1 1
github.com/airbusgeo/godal/godal.go:3437.85,3439.25 2 4
github.com/airbusgeo/godal/godal.go:3439.25,3441.3 1 1
github.com/airbusgeo/godal/godal.go:3442.2,3444.20 3 4
github.com/airbusgeo/godal/godal.go:3449.85,3451.25 2 4
github.com/airbusgeo/godal/godal.go:3451.25,3453.3 1 2
github.com/airbusgeo/godal/godal.go:3454.2,3456.20 3 4
github.com/airbusgeo/godal/godal.go:3464.67,3468.27 2 6
github.com/airbusgeo/godal/godal.go:3468.27,3470.3 1 2
github.com/airbusgeo/godal/godal.go:3471.2,3473.36 3 6
github.com/airbusgeo/godal/godal.go:3473.36,3475.3 1 2
github.com/airbusgeo/godal/godal.go:3476.2,3478.17 3 4
github.com/airbusgeo/godal/godal.go:3487.65,3489.25 2 3
github.com/airbusgeo/godal/godal.go:3489.25,3491.3 1 3
github.com/airbusgeo/godal/godal.go:3492.2,3493.37 2 3
github.com/airbusgeo/godal/godal.go:3493.37,3495.3 1 4
github.com/airbusgeo/godal/godal.go:3496.2,3500.36 5 3
github.com/airbusgeo/godal/godal.go:3500.36,3502.3 1 1
github.com/airbusgeo/godal/godal.go:3503.2,3505.17 3 2
github.com/airbusgeo/godal/godal.go:3514.68,3516.25 2 7
github.com/airbusgeo/godal/godal.go:3516.25,3518.3 1 2
github.com/airbusgeo/godal/godal.go:3519.2,3523.36 5 7
github.com/airbusgeo/godal/godal.go:3523.36,3525.3 1 2
github.com/airbusgeo/godal/godal.go:3526.2,3526.28 1 5
github.com/airbusgeo/godal/godal.go:3530.34,3531.22 1 4
github.com/airbusgeo/godal/godal.go:3531.22,3533.3 1 1
github.com/airbusgeo/godal/godal.go:3534.2,3536.19 3 3
github.com/airbusgeo/godal/godal.go:3536.19,3539.3 2 0
github.com/airbusgeo/godal/godal.go:3540.2,3540.12 1 3
github.com/airbusgeo/godal/godal.go:3544.60,3546.25 2 25
github.com/airbusgeo/godal/godal.go:3546.25,3548.3 1 1
github.com/airbusgeo/godal/godal.go:3549.2,3553.20 5 25
github.com/airbusgeo/godal/godal.go:3559.50,3560.19 1 34
github.com/airbusgeo/godal/godal.go:3560.19,3562.3 1 2
github.com/airbusgeo/godal/godal.go:3563.2,3565.19 3 32
github.com/airbusgeo/godal/godal.go:3565.19,3568.3 2 1
github.com/airbusgeo/godal/godal.go:3569.2,3569.24 1 31
github.com/airbusgeo/godal/godal.go:3569.24,3571.3 1 2
github.com/airbusgeo/godal/godal.go:3572.2,3572.20 1 29
github.com/airbusgeo/godal/godal.go:3599.73,3602.16 3 24
github.com/airbusgeo/godal/godal.go:3602.16,3605.3 2 0
github.com/airbusgeo/godal/godal.go:3607.2,3607.20 1 24
github.com/airbusgeo/godal/godal.go:3607.20,3609.3 1 21
github.com/airbusgeo/godal/godal.go:3610.2,3611.16 2 24
github.com/airbusgeo/godal/godal.go:3611.16,3613.3 1 12
github.com/airbusgeo/godal/godal.go:3614.2,3614.22 1 24
github.com/airbusgeo/godal/godal.go:3618.165,3621.16 3 6
github.com/airbusgeo/godal/godal.go:3621.16,3624.3 2 0
github.com/airbusgeo/godal/godal.go:3626.2,3626.20 1 6
github.com/airbusgeo/godal/godal.go:3626.20,3628.3 1 6
github.com/airbusgeo/godal/godal.go:3629.2,3637.25 8 6
github.com/airbusgeo/godal/godal.go:3637.25,3641.3 3 8
github.com/airbusgeo/godal/godal.go:3642.2,3643.33 2 6
github.com/airbusgeo/godal/godal.go:3643.33,3646.3 2 2
github.com/airbusgeo/godal/godal.go:3647.2,3647.19 1 6
github.com/airbusgeo/godal/godal.go:3651.123,3655.16 4 270
github.com/airbusgeo/godal/godal.go:3655.16,3658.3 2 0
github.com/airbusgeo/godal/godal.go:3659.2,3659.20 1 270
github.com/airbusgeo/godal/godal.go:3659.20,3661.3 1 267
github.com/airbusgeo/godal/godal.go:3662.2,3664.33 3 270
github.com/airbusgeo/godal/godal.go:3664.33,3666.3 1 219
github.com/airbusgeo/godal/godal.go:3667.2,3667.23 1 270
github.com/airbusgeo/godal/godal.go:3672.54,3673.40 1 300
github.com/airbusgeo/godal/godal.go:3673.40,3674.37 1 1195
github.com/airbusgeo/godal/godal.go:3674.37,3676.4 1 300
github.com/airbusgeo/godal/godal.go:3678.2,3678.58 1 0
github.com/airbusgeo/godal/godal.go:3686.90,3687.58 1 6
github.com/airbusgeo/godal/godal.go:3687.58,3689.3 1 2
github.com/airbusgeo/godal/godal.go:3690.2,3695.22 6 4
github.com/airbusgeo/godal/godal.go:3695.22,3696.21 1 5
github.com/airbusgeo/godal/godal.go:3696.21,3700.37 4 5
github.com/airbusgeo/godal/godal.go:3700.37,3702.19 2 2
github.com/airbusgeo/godal/godal.go:3702.19,3704.6 1 1
github.com/airbusgeo/godal/godal.go:3705.5,3705.19 1 2
github.com/airbusgeo/godal/godal.go:3707.4,3707.42 1 5
github.com/airbusgeo/godal/godal.go:3707.42,3709.19 2 2
github.com/airbusgeo/godal/godal.go:3709.19,3710.21 1 0
github.com/airbusgeo/godal/godal.go:3710.21,3712.7 1 0
github.com/airbusgeo/godal/godal.go:3712.12,3714.7 1 0
github.com/airbusgeo/godal/godal.go:3716.5,3716.19 1 2
github.com/airbusgeo/godal/godal.go:3720.2,3721.18 2 4
github.com/airbusgeo/godal/godal.go:3732.98,3738.25 2 12
github.com/airbusgeo/godal/godal.go:3738.25,3740.3 1 22
github.com/airbusgeo/godal/godal.go:3741.2,3741.21 1 12
github.com/airbusgeo/godal/godal.go:3741.21,3743.3 1 1
github.com/airbusgeo/godal/godal.go:3744.2,3744.35 1 12
github.com/airbusgeo/godal/godal.go:3744.35,3746.3 1 2
github.com/airbusgeo/godal/godal.go:3747.2,3749.36 3 10
github.com/airbusgeo/godal/godal.go:3749.36,3751.3 1 1
github.com/airbusgeo/godal/godal.go:3752.2,3752.21 1 9
github.com/airbusgeo/godal/godal.go:3752.21,3754.3 1 8
github.com/airbusgeo/godal/godal.go:3754.8,3756.3 1 1
github.com/airbusgeo/godal/godal.go:3757.2,3757.12 1 9
github.com/airbusgeo/godal/godal.go:3761.120,3763.25 2 4
github.com/airbusgeo/godal/godal.go:3763.25,3765.3 1 5
github.com/airbusgeo/godal/godal.go:3766.2,3766.31 1 4
github.com/airbusgeo/godal/godal.go:3766.31,3768.3 1 1
github.com/airbusgeo/godal/godal.go:3769.2,3769.30 1 4
github.com/airbusgeo/godal/godal.go:3769.30,3771.3 1 1
github.com/airbusgeo/godal/godal.go:3772.2,3772.37 1 4
github.com/airbusgeo/godal/godal.go:3772.37,3774.3 1 1
github.com/airbusgeo/godal/godal.go:3775.2,3787.36 9 4
github.com/airbusgeo/godal/godal.go:3787.36,3789.3 1 1
github.com/airbusgeo/godal/godal.go:3790.2,3790.61 1 3
github.com/airbusgeo/godal/godal.go:3809.9,3810.66 1 2
github.com/airbusgeo/godal/godal.go:3810.66,3812.3 1 0
github.com/airbusgeo/godal/godal.go:3814.2,3815.25 2 2
github.com/airbusgeo/godal/godal.go:3815.25,3817.3 1 0
github.com/airbusgeo/godal/godal.go:3819.2,3821.16 3 2
github.com/airbusgeo/godal/godal.go:3821.16,3823.3 1 0
github.com/airbusgeo/godal/godal.go:3825.2,3839.36 6 2
github.com/airbusgeo/godal/godal.go:3839.36,3841.3 1 0
github.com/airbusgeo/godal/godal.go:3842.2,3842.12 1 2
github.com/airbusgeo/godal/godal.go:3858.99,3860.27 2 9
github.com/airbusgeo/godal/godal.go:3860.27,3862.3 1 1
github.com/airbusgeo/godal/godal.go:3864.2,3873.36 8 9
github.com/airbusgeo/godal/godal.go:3873.36,3875.3 1 2
github.com/airbusgeo/godal/godal.go:3877.2,3877.62 1 7
github.com/airbusgeo/godal/godal.go:3893.135,3895.27 2 6
github.com/airbusgeo/godal/godal.go:3895.27,3897.3 1 1
github.com/airbusgeo/godal/godal.go:3899.2,3907.25 8 6
github.com/airbusgeo/godal/godal.go:3907.25,3910.3 2 1
github.com/airbusgeo/godal/godal.go:3912.2,3914.36 3 6
github.com/airbusgeo/godal/godal.go:3914.36,3916.3 1 4
github.com/airbusgeo/godal/godal.go:3918.2,3918.62 1 2
github.com/airbusgeo/godal/godal.go:3935.106,3937.27 2 4
github.com/airbusgeo/godal/godal.go:3937.27,3939.3 1 1
github.com/airbusgeo/godal/godal.go:3941.2,3950.35 7 4
github.com/airbusgeo/godal/godal.go:3950.35,3952.3 1 2
github.com/airbusgeo/godal/godal.go:3954.2,3954.60 1 2
github.com/airbusgeo/godal/godal.go:3972.103,3974.27 2 4
github.com/airbusgeo/godal/godal.go:3974.27,3976.3 1 2
github.com/airbusgeo/godal/godal.go:3978.2,3984.21 5 4
github.com/airbusgeo/godal/godal.go:3984.21,3986.3 1 3
github.com/airbusgeo/godal/godal.go:3987.2,3988.36 2 4
github.com/airbusgeo/godal/godal.go:3988.36,3990.3 1 3
github.com/airbusgeo/godal/godal.go:3992.2,3992.12 1 1
github.com/airbusgeo/godal/godal.go:4007.52,4009.24 2 8
github.com/airbusgeo/godal/godal.go:4009.24,4011.3 1 6
github.com/airbusgeo/godal/godal.go:4014.2,4016.32 3 2
github.com/airbusgeo/godal/godal.go:4016.32,4026.3 1 4
github.com/airbusgeo/godal/godal.go:4028.2,4028.12 1 2
github.com/airbusgeo/godal/godal.go:4032.48,4034.2 1 8
github.com/airbusgeo/godal/godal.go:4037.33,4040.2 2 8
github.com/airbusgeo/godal/godal.go:4043.43,4045.2 1 8
github.com/airbusgeo/godal/godal.go:4048.72,4050.27 2 8
github.com/airbusgeo/godal/godal.go:4050.27,4052.3 1 10
github.com/airbusgeo/godal/godal.go:4055.2,4065.28 3 8
github.com/airbusgeo/godal/godal.go:4065.28,4073.3 7 4
github.com/airbusgeo/godal/godal.go:4074.2,4088.27 13 8
github.com/airbusgeo/godal/godal.go:4088.27,4090.3 1 4
github.com/airbusgeo/godal/godal.go:4090.8,4094.3 3 4
github.com/airbusgeo/godal/godal.go:4096.2,4096.36 1 8
github.com/airbusgeo/godal/godal.go:4096.36,4098.3 1 4
github.com/airbusgeo/godal/godal.go:4099.2,4099.12 1 4
github.com/airbusgeo/godal/godal.go:4103.94,4105.27 2 3
github.com/airbusgeo/godal/godal.go:4105.27,4107.3 1 2
github.com/airbusgeo/godal/godal.go:4110.2,4120.28 3 3
github.com/airbusgeo/godal/godal.go:4120.28,4128.3 7 5
github.com/airbusgeo/godal/godal.go:4129.2,4147.36 17 3
github.com/airbusgeo/godal/godal.go:4147.36,4149.3 1 2
github.com/airbusgeo/godal/godal.go:4152.2,4152.20 1 1
github.com/airbusgeo/godal/godal.go:4152.20,4154.3 1 6
github.com/airbusgeo/godal/godal.go:4156.2,4156.17 1 1
github.com/airbusgeo/godal/godal.go:4164.75,4172.15 5 991
github.com/airbusgeo/godal/godal.go:4172.15,4174.3 1 117
github.com/airbusgeo/godal/godal.go:4174.8,4176.3 1 874
github.com/airbusgeo/godal/godal.go:4177.2,4177.12 1 991
github.com/airbusgeo/godal/godal.go:4180.42,4182.2 1 976
github.com/airbusgeo/godal/godal.go:4185.37,4188.32 3 977
github.com/airbusgeo/godal/godal.go:4188.32,4196.3 2 118
github.com/airbusgeo/godal/godal.go:4197.2,4197.30 1 859
github.com/airbusgeo/godal/godal.go:4197.30,4200.3 2 117
github.com/airbusgeo/godal/godal.go:4201.2,4201.12 1 742
github.com/airbusgeo/godal/histogram.go:30.30,32.2 1 2
github.com/airbusgeo/godal/histogram.go:35.41,42.2 2 320
github.com/airbusgeo/godal/histogram.go:67.65,69.2 1 1
github.com/airbusgeo/godal/histogram.go:75.3,77.2 1 1
github.com/airbusgeo/godal/histogram.go:81.67,83.2 1 1
github.com/airbusgeo/godal/histogram.go:89.3,91.2 1 3
github.com/airbusgeo/godal/histogram.go:98.62,102.2 3 2
github.com/airbusgeo/godal/histogram.go:108.3,110.2 1 2
github.com/airbusgeo/godal/options.go:634.3,636.2 1 2
github.com/airbusgeo/godal/options.go:637.52,638.23 1 2
github.com/airbusgeo/godal/options.go:638.23,640.3 1 1
github.com/airbusgeo/godal/options.go:640.8,642.3 1 1
github.com/airbusgeo/godal/options.go:674.3,676.2 1 10
github.com/airbusgeo/godal/options.go:677.55,679.2 1 10
github.com/airbusgeo/godal/options.go:695.3,697.22 2 12
github.com/airbusgeo/godal/options.go:697.22,699.3 1 22
github.com/airbusgeo/godal/options.go:700.2,700.20 1 12
github.com/airbusgeo/godal/options.go:703.54,705.2 1 5
github.com/airbusgeo/godal/options.go:706.59,708.2 1 1
github.com/airbusgeo/godal/options.go:709.69,711.2 1 5
github.com/airbusgeo/godal/options.go:712.53,714.2 1 1
github.com/airbusgeo/godal/options.go:735.60,737.2 1 4
github.com/airbusgeo/godal/options.go:738.61,740.2 1 5
github.com/airbusgeo/godal/options.go:741.60,743.2 1 5
github.com/airbusgeo/godal/options.go:744.54,746.2 1 3
github.com/airbusgeo/godal/options.go:747.55,749.2 1 4
github.com/airbusgeo/godal/options.go:750.61,752.2 1 1
github.com/airbusgeo/godal/options.go:753.62,755.2 1 1
github.com/airbusgeo/godal/options.go:756.61,758.2 1 2
github.com/airbusgeo/godal/options.go:759.55,761.2 1 2
github.com/airbusgeo/godal/options.go:762.56,764.2 1 2
github.com/airbusgeo/godal/options.go:773.3,775.2 1 1
github.com/airbusgeo/godal/options.go:785.3,787.2 1 3
github.com/airbusgeo/godal/options.go:797.3,799.2 1 4
github.com/airbusgeo/godal/options.go:805.3,807.2 1 4
github.com/airbusgeo/godal/options.go:814.3,816.2 1 9
github.com/airbusgeo/godal/options.go:823.3,825.2 1 8
github.com/airbusgeo/godal/options.go:836.3,838.2 1 30
github.com/airbusgeo/godal/options.go:840.56,843.2 2 15
github.com/airbusgeo/godal/options.go:844.50,847.2 2 15
github.com/airbusgeo/godal/options.go:861.3,863.2 1 3
github.com/airbusgeo/godal/options.go:865.64,867.2 1 3
github.com/airbusgeo/godal/options.go:884.3,886.2 1 22
github.com/airbusgeo/godal/options.go:888.61,890.2 1 12
github.com/airbusgeo/godal/options.go:891.57,893.2 1 2
github.com/airbusgeo/godal/options.go:894.67,896.2 1 4
github.com/airbusgeo/godal/options.go:897.79,899.2 1 1
github.com/airbusgeo/godal/options.go:900.60,902.2 1 2
github.com/airbusgeo/godal/options.go:903.57,905.2 1 1
github.com/airbusgeo/godal/options.go:931.3,933.2 1 19
github.com/airbusgeo/godal/options.go:935.60,937.2 1 1
github.com/airbusgeo/godal/options.go:938.59,940.2 1 1
github.com/airbusgeo/godal/options.go:941.55,943.2 1 2
github.com/airbusgeo/godal/options.go:944.63,946.2 1 1
github.com/airbusgeo/godal/options.go:947.65,949.2 1 1
github.com/airbusgeo/godal/options.go:950.77,952.2 1 1
github.com/airbusgeo/godal/options.go:953.68,955.2 1 3
github.com/airbusgeo/godal/options.go:956.67,958.2 1 3
github.com/airbusgeo/godal/options.go:959.46,961.2 1 1
github.com/airbusgeo/godal/options.go:962.56,964.2 1 1
github.com/airbusgeo/godal/options.go:965.64,967.2 1 0
github.com/airbusgeo/godal/options.go:968.56,970.2 1 1
github.com/airbusgeo/godal/options.go:971.50,973.2 1 1
github.com/airbusgeo/godal/options.go:974.55,976.2 1 1
github.com/airbusgeo/godal/options.go:977.69,979.2 1 1
github.com/airbusgeo/godal/options.go:991.3,993.2 1 2
github.com/airbusgeo/godal/options.go:995.61,997.2 1 2
github.com/airbusgeo/godal/options.go:1011.3,1013.2 1 44
github.com/airbusgeo/godal/options.go:1014.64,1016.2 1 14
github.com/airbusgeo/godal/options.go:1017.60,1019.2 1 14
github.com/airbusgeo/godal/options.go:1020.54,1022.2 1 15
github.com/airbusgeo/godal/options.go:1023.59,1025.2 1 1
github.com/airbusgeo/godal/options.go:1036.3,1038.2 1 17
github.com/airbusgeo/godal/options.go:1039.60,1042.42 3 17
github.com/airbusgeo/godal/options.go:1042.42,1044.3 1 3
github.com/airbusgeo/godal/options.go:1045.2,1045.21 1 17
github.com/airbusgeo/godal/options.go:1052.60,1054.2 1 2
github.com/airbusgeo/godal/options.go:1055.60,1057.2 1 1
github.com/airbusgeo/godal/options.go:1058.64,1060.2 1 2
github.com/airbusgeo/godal/options.go:1068.3,1070.2 1 3
github.com/airbusgeo/godal/options.go:1076.3,1078.2 1 2
github.com/airbusgeo/godal/options.go:1084.63,1086.2 1 1
github.com/airbusgeo/godal/options.go:1091.3,1093.2 1 1
github.com/airbusgeo/godal/options.go:1099.63,1101.2 1 1
github.com/airbusgeo/godal/options.go:1107.3,1109.2 1 1
github.com/airbusgeo/godal/options.go:1115.71,1117.2 1 1
github.com/airbusgeo/godal/options.go:1123.3,1125.2 1 1
github.com/airbusgeo/godal/options.go:1131.61,1133.2 1 3
github.com/airbusgeo/godal/options.go:1139.3,1141.2 1 3
github.com/airbusgeo/godal/options.go:1145.62,1147.2 1 1
github.com/airbusgeo/godal/options.go:1148.66,1150.2 1 1
github.com/airbusgeo/godal/options.go:1156.3,1158.2 1 2
github.com/airbusgeo/godal/options.go:1164.72,1166.2 1 7
github.com/airbusgeo/godal/options.go:1173.3,1175.2 1 7
github.com/airbusgeo/godal/options.go:1295.3,1297.2 1 4
github.com/airbusgeo/godal/options.go:1298.63,1300.2 1 4
github.com/airbusgeo/godal/options.go:1311.3,1313.2 1 4
github.com/airbusgeo/godal/options.go:1314.63,1316.2 1 4
github.com/airbusgeo/godal/options.go:1334.75,1336.2 1 1
github.com/airbusgeo/godal/options.go:1343.3,1345.2 1 1
github.com/airbusgeo/godal/options.go:1433.59,1435.2 1 1
github.com/airbusgeo/godal/options.go:1441.3,1443.2 1 1
github.com/airbusgeo/godal/options.go:1479.60,1481.2 1 5
github.com/airbusgeo/godal/options.go:1487.59,1489.2 1 4
github.com/airbusgeo/godal/options.go:1495.62,1497.2 1 12
github.com/airbusgeo/godal/options.go:1503.51,1505.2 1 5
github.com/airbusgeo/godal/options.go:1509.50,1511.2 1 4
github.com/airbusgeo/godal/options.go:1515.53,1517.2 1 12
github.com/airbusgeo/godal/srs.go:43.51,45.2 1 8
github.com/airbusgeo/godal/srs.go:74.81,77.16 3 8
github.com/airbusgeo/godal/srs.go:77.16,79.3 1 3
github.com/airbusgeo/godal/srs.go:80.2,84.16 5 5
github.com/airbusgeo/godal/srs.go:84.16,86.3 1 1
github.com/airbusgeo/godal/srs.go:87.2,91.25 5 4
github.com/airbusgeo/godal/srs.go:91.25,92.20 1 12
github.com/airbusgeo/godal/srs.go:92.20,94.4 1 1
github.com/airbusgeo/godal/srs.go:95.3,95.20 1 12
github.com/airbusgeo/godal/srs.go:95.20,97.4 1 3
github.com/airbusgeo/godal/srs.go:98.3,98.20 1 12
github.com/airbusgeo/godal/srs.go:98.20,100.4 1 1
github.com/airbusgeo/godal/srs.go:101.3,101.20 1 12
github.com/airbusgeo/godal/srs.go:101.20,103.4 1 3
github.com/airbusgeo/godal/srs.go:105.2,105.17 1 4
github.com/airbusgeo/godal/statistics.go:37.69,39.2 1 2
github.com/airbusgeo/godal/structure.go:30.37,33.19 3 6
github.com/airbusgeo/godal/structure.go:33.19,36.3 2 3
github.com/airbusgeo/godal/structure.go:37.2,37.19 1 6
github.com/airbusgeo/godal/structure.go:37.19,39.3 1 1
github.com/airbusgeo/godal/structure.go:40.2,44.17 4 5
github.com/airbusgeo/godal/structure.go:49.72,64.2 4 1
github.com/airbusgeo/godal/structure.go:81.44,83.2 1 1
github.com/airbusgeo/godal/structure.go:86.49,89.2 1 3
github.com/airbusgeo/godal/structure.go:93.72,95.2 1 9
github.com/airbusgeo/godal/structure.go:97.99,100.62 2 15
github.com/airbusgeo/godal/structure.go:100.62,102.3 1 3
github.com/airbusgeo/godal/structure.go:103.2,105.20 3 12
github.com/airbusgeo/godal/structure.go:105.20,108.3 2 6
github.com/airbusgeo/godal/structure.go:109.2,109.20 1 12
github.com/airbusgeo/godal/structure.go:109.20,112.3 2 5
github.com/airbusgeo/godal/structure.go:113.2,113.19 1 12
